START TIME =  09/03/2022 03:57:20
MPI INIT: rank 0 of 1
#INFO: **** input file is /central/groups/changroup/members/hczhai/work/SOC-DMRG-Data/04-Dy2Cl10/01-dy-20o-dzbp-mf-2step.py ****

import time
from datetime import datetime
txst = time.perf_counter()
print("START TIME = ", datetime.now().strftime("%m/%d/%Y %H:%M:%S"))

from pyscf import scf, mcscf, gto
from pyblock2.driver.core import SOCDMRGDriver, SymmetryTypes
from pyblock2._pyscf.ao2mo import soc_integrals as itgsoc
from pyblock2._pyscf.ao2mo import integrals as itg
import numpy as np
import pickle

import sys

fidx = 1

driver = SOCDMRGDriver(
    scratch="/scratch/global/hczhai/soc-04-%02d" % fidx,
    symm_type=SymmetryTypes.SU2, n_threads=56,
    stack_mem=int(200E9), mpi=True
)

b = 2.72

coords = [
    ['Dy', [0, 0, 0]],
    ['Dy', [b, b, 0]],
    ['Cl', [-b, 0, 0]],
    ['Cl', [b, 0, 0]],
    ['Cl', [0, -b,  0]],
    ['Cl', [0, b,  0]],
    ['Cl', [0, 0, -b]],
    ['Cl', [0, 0, b]],
    ['Cl', [b, 2 * b, 0]],
    ['Cl', [2 * b, b, 0]],
    ['Cl', [b, b, -b]],
    ['Cl', [b, b, b]]
]

mol = gto.M(atom=coords, basis={"Dy": "ano@7s6p4d2f", "Cl": "ano@4s3p"},
            verbose=4, spin=10, charge=-4, max_memory=100000)
print('basis = dz nelec = %d nao = %d' % (mol.nelectron, mol.nao))

lo_coeff, lo_occ, lo_energy, nactorb, nactelec, dmao = pickle.load(open("00-cas-data.bin", "rb"))

mf = scf.RHF(mol).x2c()
mf.mo_coeff = lo_coeff
mf.mo_occ = np.array([int(np.round(x) + 0.1) for x in lo_occ])
assert sum(mf.mo_occ) == mol.nelectron
mf.mo_energy = lo_energy

mc = mcscf.CASCI(mf, nactorb, nactelec)
ncore = mc.ncore
ncas = mc.ncas
print('ncore = ', ncore, ' ncas = ', ncas)

ncas, n_elec, spin, ecore, h1e, g2e, orb_sym = itg.get_rhf_integrals(mf, ncore, ncas, pg_symm=False)
hsoao = itgsoc.get_somf_hsoao(mf, dmao=dmao, amfi=True, x2c1e=False, x2c2e=False)
hso = np.einsum('rij,ip,jq->rpq', hsoao,
    mf.mo_coeff[:, ncore:ncore + ncas],
    mf.mo_coeff[:, ncore:ncore + ncas], optimize=True)

idx = driver.orbital_reordering(np.abs(h1e), np.abs(g2e))
print('reordering = ', idx)
h1e = h1e[idx][:, idx]
g2e = g2e[idx][:, idx][:, :, idx][:, :, :, idx]

shift = -28915.30
x = (shift - ecore) / n_elec
h1e -= x * np.identity(len(h1e))
ecore += x * n_elec

pickle.dump((ncas, n_elec, spin, ecore, h1e, g2e, orb_sym, hso, idx), open("%02d-mf-data.bin" % fidx, "wb"))

txed = time.perf_counter()
print("MF FINISH TIME = ", datetime.now().strftime("%m/%d/%Y %H:%M:%S"))
print("MF TIME  = %20.3f" % (txed - txst))
#INFO: ******************** input file end ********************


System: uname_result(system='Linux', node='hpc-81-06.cm.cluster', release='3.10.0-1160.25.1.el7.x86_64', version='#1 SMP Wed Apr 28 21:49:45 UTC 2021', machine='x86_64', processor='x86_64')  Threads 56
Python 3.8.5 (default, Sep  4 2020, 07:30:14) 
[GCC 7.3.0]
numpy 1.19.4  scipy 1.4.1
Date: Sat Sep  3 03:57:31 2022
PySCF version 2.0.1
PySCF path  /central/groups/changroup/members/hczhai/program/pyscf
GIT HEAD (branch master) 9d5b5bd309d1cc55fbd1a0ec76e26b5b0c7f76af

[ENV] PYSCF_TMPDIR /central/scratch/hczhai/soc-pyscf-tmp
[CONFIG] conf_file None
[INPUT] verbose = 4
[INPUT] num. atoms = 12
[INPUT] num. electrons = 306
[INPUT] charge = -4
[INPUT] spin (= nelec alpha-beta = 2S) = 10
[INPUT] symmetry False subgroup None
[INPUT] Mole.unit = angstrom
[INPUT]  1 Dy     0.000000000000   0.000000000000   0.000000000000 AA    0.000000000000   0.000000000000   0.000000000000 Bohr
[INPUT]  2 Dy     2.720000000000   2.720000000000   0.000000000000 AA    5.140055058817   5.140055058817   0.000000000000 Bohr
[INPUT]  3 Cl    -2.720000000000   0.000000000000   0.000000000000 AA   -5.140055058817   0.000000000000   0.000000000000 Bohr
[INPUT]  4 Cl     2.720000000000   0.000000000000   0.000000000000 AA    5.140055058817   0.000000000000   0.000000000000 Bohr
[INPUT]  5 Cl     0.000000000000  -2.720000000000   0.000000000000 AA    0.000000000000  -5.140055058817   0.000000000000 Bohr
[INPUT]  6 Cl     0.000000000000   2.720000000000   0.000000000000 AA    0.000000000000   5.140055058817   0.000000000000 Bohr
[INPUT]  7 Cl     0.000000000000   0.000000000000  -2.720000000000 AA    0.000000000000   0.000000000000  -5.140055058817 Bohr
[INPUT]  8 Cl     0.000000000000   0.000000000000   2.720000000000 AA    0.000000000000   0.000000000000   5.140055058817 Bohr
[INPUT]  9 Cl     2.720000000000   5.440000000000   0.000000000000 AA    5.140055058817  10.280110117634   0.000000000000 Bohr
[INPUT] 10 Cl     5.440000000000   2.720000000000   0.000000000000 AA   10.280110117634   5.140055058817   0.000000000000 Bohr
[INPUT] 11 Cl     2.720000000000   2.720000000000  -2.720000000000 AA    5.140055058817   5.140055058817  -5.140055058817 Bohr
[INPUT] 12 Cl     2.720000000000   2.720000000000   2.720000000000 AA    5.140055058817   5.140055058817   5.140055058817 Bohr

nuclear repulsion = 5580.72180110298
number of shells = 28
number of NR pGTOs = 1016
number of NR cGTOs = 248
basis = {'Dy': 'ano@7s6p4d2f', 'Cl': 'ano@4s3p'}
ecp = {}
CPU time:         1.78
basis = dz nelec = 306 nao = 248
ncore =  138  ncas =  20
reordering =  [16 12  9  4  6 17  1  3 14 13  8  0  5 18  7 19  2 10 11 15]
MF FINISH TIME =  09/03/2022 03:58:56
MF TIME  =               95.776
MPI FINALIZE: rank 0 of 1
