START TIME =  10/03/2022 12:45:04
#INFO: **** input file is /central/groups/changroup/members/hczhai/work/soc-proj-data-final/02-DyCl6/00-dy-7o-dzbp-mf-1step-sr42.py ****

import time
from datetime import datetime
txst = time.perf_counter()
print("START TIME = ", datetime.now().strftime("%m/%d/%Y %H:%M:%S"))

from pyscf import scf, mcscf, gto, dmrgscf, lib
from pyblock2._pyscf import scf as b2scf
from pyblock2._pyscf import mcscf as b2mcscf
from pyblock2.driver.core import DMRGDriver, SymmetryTypes
from pyblock2._pyscf.ao2mo import soc_integrals as itgsoc
import numpy as np
import pickle
import os

dmrgscf.settings.BLOCKEXE = os.popen("which block2main").read().strip()
dmrgscf.settings.MPIPREFIX = ''

fidx = 0

driver = DMRGDriver(
    scratch="/central/scratch/hczhai/soc-05-%02d" % fidx, symm_type=SymmetryTypes.SGFCPX, n_threads=28,
    stack_mem=int(40E9), mpi=False
)

b = 2.72

coords = [
    ["Dy", [0, 0, 0]],
    ["Cl", [-b, 0, 0]],
    ["Cl", [b, 0, 0]],
    ["Cl", [0, -b, 0]],
    ["Cl", [0, b, 0]],
    ["Cl", [0, 0, -b]],
    ["Cl", [0, 0, b]],
]

mol = gto.M(atom=coords, basis={"Dy": "ano@7s6p4d2f", "Cl": "ano@4s3p"},
            verbose=4, spin=5, charge=-3, max_memory=20000)
print('basis = dz nelec = %d nao = %d' % (mol.nelectron, mol.nao))

mf = scf.UKS(mol).x2c()
mf = b2scf.smearing_(mf, sigma=0.2, method="fermi", fit_spin=True)
mf.xc = "bp86"
mf.conv_tol = 1e-10
mf.max_cycle = 500
mf.diis_space = 15

dm0 = b2scf.get_metal_init_guess(mol, orb="4f", atom_idxs=[0], coupling="+", atomic_spin=5)
mf.kernel(dm0=dm0)
dmao = np.einsum('yij->ij', mf.make_rdm1(), optimize=True)

lo_coeff, lo_occ, lo_energy = b2mcscf.get_uno(mf)
selected = b2mcscf.select_active_space(
    mol, lo_coeff, lo_occ, ao_labels=["Dy-4f"], atom_order=[0]
)
lo_coeff, lo_occ, lo_energy, nactorb, nactelec = b2mcscf.sort_orbitals(
    mol,
    lo_coeff,
    lo_occ,
    lo_energy,
    cas_list=selected,
    do_loc=True,
    split_low=0.1,
    split_high=1.9,
)

b2scf.mulliken_pop_dmao(mol, mf.make_rdm1())

mf = scf.RHF(mol).x2c()
mf.mo_coeff = lo_coeff
mf.mo_occ = np.array([int(np.round(x) + 0.1) for x in lo_occ])
assert sum(mf.mo_occ) == mol.nelectron
mf.mo_energy = lo_energy

lib.param.TMPDIR = os.path.abspath(lib.param.TMPDIR)

mc = mcscf.CASSCF(mf, nactorb, nactelec)
mcfs = [None] * 3
for i in range(3):
    mcfs[i] = dmrgscf.DMRGCI(mol, maxM=1500, tol=1E-10)
    mcfs[i].spin = i * 2 + 1
    mcfs[i].nroots = 42 if i != 2 else 21
    mcfs[i].runtimeDir = lib.param.TMPDIR + "/%d" % i
    mcfs[i].scratchDirectory = lib.param.TMPDIR + "/%d" % i
    mcfs[i].threads = 16
    mcfs[i].memory = int(mol.max_memory / 1000) # mem in GB
    mcfs[i].block_extra_keyword = ["real_density_matrix", "davidson_soft_max_iter 1600", "noreorder", "cutoff 1E-24"]
mc = mcscf.addons.state_average_mix(mc, mcfs, np.ones(42 + 42 + 21) / (42.0 + 42.0 + 21.0))
mc.kernel()
mf.mo_coeff = mc.mo_coeff

pickle.dump((mf.mo_coeff, mf.mo_occ, mf.mo_energy, nactorb, nactelec, dmao), open("%02d-cas-data.bin" % fidx, "wb"))

ncore = mc.ncore
ncas = mc.ncas
print('ncore = ', ncore, ' ncas = ', ncas)

ncas, n_elec, spin, ecore, h1e, g2e, orb_sym = itgsoc.get_rhf_somf_integrals(
    mf, ncore, ncas, pg_symm=False, dmao=dmao, amfi=True, x2c1e=False, x2c2e=False
)

idx = driver.orbital_reordering(np.abs(h1e), np.abs(g2e))
print('reordering = ', idx)
h1e = h1e[idx][:, idx]
g2e = g2e[idx][:, idx][:, :, idx][:, :, :, idx]

pickle.dump((ncas, n_elec, spin, ecore, h1e, g2e, orb_sym, idx), open("%02d-mf-data.bin" % fidx, "wb"))

txed = time.perf_counter()
print("MF FINISH TIME = ", datetime.now().strftime("%m/%d/%Y %H:%M:%S"))
print("MF TIME  = %20.3f" % (txed - txst))
#INFO: ******************** input file end ********************


System: uname_result(system='Linux', node='hpc-21-22.cm.cluster', release='3.10.0-1160.53.1.el7.x86_64', version='#1 SMP Fri Jan 14 13:59:45 UTC 2022', machine='x86_64', processor='x86_64')  Threads 28
Python 3.8.5 (default, Sep  4 2020, 07:30:14) 
[GCC 7.3.0]
numpy 1.19.4  scipy 1.4.1
Date: Mon Oct  3 12:45:08 2022
PySCF version 2.0.1
PySCF path  /central/groups/changroup/members/hczhai/program/pyscf
GIT HEAD (branch master) 9d5b5bd309d1cc55fbd1a0ec76e26b5b0c7f76af

[ENV] PYSCF_TMPDIR /central/scratch/hczhai/soc-pyscf-tmp
[CONFIG] conf_file None
[INPUT] verbose = 4
[INPUT] num. atoms = 7
[INPUT] num. electrons = 171
[INPUT] charge = -3
[INPUT] spin (= nelec alpha-beta = 2S) = 5
[INPUT] symmetry False subgroup None
[INPUT] Mole.unit = angstrom
[INPUT]  1 Dy     0.000000000000   0.000000000000   0.000000000000 AA    0.000000000000   0.000000000000   0.000000000000 Bohr
[INPUT]  2 Cl    -2.720000000000   0.000000000000   0.000000000000 AA   -5.140055058817   0.000000000000   0.000000000000 Bohr
[INPUT]  3 Cl     2.720000000000   0.000000000000   0.000000000000 AA    5.140055058817   0.000000000000   0.000000000000 Bohr
[INPUT]  4 Cl     0.000000000000  -2.720000000000   0.000000000000 AA    0.000000000000  -5.140055058817   0.000000000000 Bohr
[INPUT]  5 Cl     0.000000000000   2.720000000000   0.000000000000 AA    0.000000000000   5.140055058817   0.000000000000 Bohr
[INPUT]  6 Cl     0.000000000000   0.000000000000  -2.720000000000 AA    0.000000000000   0.000000000000  -5.140055058817 Bohr
[INPUT]  7 Cl     0.000000000000   0.000000000000   2.720000000000 AA    0.000000000000   0.000000000000   5.140055058817 Bohr

nuclear repulsion = 1871.13682773829
number of shells = 16
number of NR pGTOs = 561
number of NR cGTOs = 137
basis = {'Dy': 'ano@7s6p4d2f', 'Cl': 'ano@4s3p'}
ecp = {}
CPU time:         0.67
basis = dz nelec = 171 nao = 137
Initial guess from the superpostion of atomic densties.
Spherically averaged atomic HF for {'Dy', 'Cl'}


******** <class 'pyscf.scf.atom_hf.AtomSphAverageRHF'> ********
method = AtomSphAverageRHF-RHF
initial guess = minao
damping factor = 0
level_shift factor = 0
DIIS = <class 'pyscf.scf.diis.CDIIS'>
diis_start_cycle = 1
diis_space = 8
SCF conv_tol = 1e-09
SCF conv_tol_grad = None
SCF max_cycles = 50
direct_scf = True
direct_scf_tol = 1e-13
chkfile to save SCF result = /central/scratch/hczhai/soc-pyscf-tmp/tmph1eskl_q
max_memory 20000 MB (current use 126 MB)
atom = Dy
Set gradient conv threshold to 3.16228e-05
init E= -10663.2077249146
cycle= 1 E= -10690.3316345374  delta_E= -27.1  |g|=    0  |ddm|= 3.86
cycle= 2 E= -10695.1729678745  delta_E= -4.84  |g|=    0  |ddm|=  4.8
cycle= 3 E= -10704.9358234951  delta_E= -9.76  |g|=    0  |ddm|= 2.49
cycle= 4 E= -10704.9544732764  delta_E= -0.0186  |g|=    0  |ddm|= 0.141
cycle= 5 E= -10704.9567013852  delta_E= -0.00223  |g|=    0  |ddm|= 0.0434
cycle= 6 E= -10704.9567340953  delta_E= -3.27e-05  |g|=    0  |ddm|= 0.00768
cycle= 7 E= -10704.9567362389  delta_E= -2.14e-06  |g|=    0  |ddm|= 0.00215
cycle= 8 E= -10704.9567362799  delta_E= -4.09e-08  |g|=    0  |ddm|= 0.000589
cycle= 9 E= -10704.95673628  delta_E= -1.38e-10  |g|=    0  |ddm|= 3.23e-05
Extra cycle  E= -10704.95673628  delta_E= -2.18e-11  |g|=    0  |ddm|= 3.8e-07
Atomic HF for atom  Dy  converged. SCF energy = -10704.95673628


******** <class 'pyscf.scf.atom_hf.AtomSphAverageRHF'> ********
method = AtomSphAverageRHF-RHF
initial guess = minao
damping factor = 0
level_shift factor = 0
DIIS = <class 'pyscf.scf.diis.CDIIS'>
diis_start_cycle = 1
diis_space = 8
SCF conv_tol = 1e-09
SCF conv_tol_grad = None
SCF max_cycles = 50
direct_scf = True
direct_scf_tol = 1e-13
chkfile to save SCF result = /central/scratch/hczhai/soc-pyscf-tmp/tmpa88gv5of
max_memory 20000 MB (current use 150 MB)
atom = Cl
Set gradient conv threshold to 3.16228e-05
init E= -458.887636435305
cycle= 1 E= -458.888650005697  delta_E= -0.00101  |g|=    0  |ddm|= 0.0495
cycle= 2 E= -458.888686753694  delta_E= -3.67e-05  |g|=    0  |ddm|= 0.0127
cycle= 3 E= -458.888689245199  delta_E= -2.49e-06  |g|=    0  |ddm|= 0.00273
cycle= 4 E= -458.888689258122  delta_E= -1.29e-08  |g|=    0  |ddm|= 0.000175
cycle= 5 E= -458.88868925833  delta_E= -2.08e-10  |g|=    0  |ddm|= 2.55e-05
Extra cycle  E= -458.88868925833  delta_E= -4.55e-13  |g|=    0  |ddm|= 1.6e-07
Atomic HF for atom  Cl  converged. SCF energy = -458.88868925833
(2, 137, 137)
NELEC BEFORE = 84.0 84.0
Spherically averaged atomic HF for {'Dy', 'Cl'}


******** <class 'pyscf.scf.atom_hf.AtomSphAverageRHF'> ********
method = AtomSphAverageRHF-RHF
initial guess = minao
damping factor = 0
level_shift factor = 0
DIIS = <class 'pyscf.scf.diis.CDIIS'>
diis_start_cycle = 1
diis_space = 8
SCF conv_tol = 1e-09
SCF conv_tol_grad = None
SCF max_cycles = 50
direct_scf = True
direct_scf_tol = 1e-13
chkfile to save SCF result = /central/scratch/hczhai/soc-pyscf-tmp/tmp77b3q0n1
max_memory 20000 MB (current use 156 MB)
atom = Dy
Set gradient conv threshold to 3.16228e-05
init E= -10663.2077249146
cycle= 1 E= -10690.3316345374  delta_E= -27.1  |g|=    0  |ddm|= 3.86
cycle= 2 E= -10695.1729678745  delta_E= -4.84  |g|=    0  |ddm|=  4.8
cycle= 3 E= -10704.9358234951  delta_E= -9.76  |g|=    0  |ddm|= 2.49
cycle= 4 E= -10704.9544732764  delta_E= -0.0186  |g|=    0  |ddm|= 0.141
cycle= 5 E= -10704.9567013852  delta_E= -0.00223  |g|=    0  |ddm|= 0.0434
cycle= 6 E= -10704.9567340953  delta_E= -3.27e-05  |g|=    0  |ddm|= 0.00768
cycle= 7 E= -10704.9567362389  delta_E= -2.14e-06  |g|=    0  |ddm|= 0.00215
cycle= 8 E= -10704.9567362799  delta_E= -4.1e-08  |g|=    0  |ddm|= 0.000589
cycle= 9 E= -10704.95673628  delta_E= -1.24e-10  |g|=    0  |ddm|= 3.23e-05
Extra cycle  E= -10704.95673628  delta_E= -1.46e-11  |g|=    0  |ddm|= 3.8e-07
Atomic HF for atom  Dy  converged. SCF energy = -10704.95673628


******** <class 'pyscf.scf.atom_hf.AtomSphAverageRHF'> ********
method = AtomSphAverageRHF-RHF
initial guess = minao
damping factor = 0
level_shift factor = 0
DIIS = <class 'pyscf.scf.diis.CDIIS'>
diis_start_cycle = 1
diis_space = 8
SCF conv_tol = 1e-09
SCF conv_tol_grad = None
SCF max_cycles = 50
direct_scf = True
direct_scf_tol = 1e-13
chkfile to save SCF result = /central/scratch/hczhai/soc-pyscf-tmp/tmpoc3i32pn
max_memory 20000 MB (current use 224 MB)
atom = Cl
Set gradient conv threshold to 3.16228e-05
init E= -458.887636435305
cycle= 1 E= -458.888650005697  delta_E= -0.00101  |g|=    0  |ddm|= 0.0495
cycle= 2 E= -458.888686753693  delta_E= -3.67e-05  |g|=    0  |ddm|= 0.0127
cycle= 3 E= -458.888689245199  delta_E= -2.49e-06  |g|=    0  |ddm|= 0.00273
cycle= 4 E= -458.888689258122  delta_E= -1.29e-08  |g|=    0  |ddm|= 0.000175
cycle= 5 E= -458.88868925833  delta_E= -2.08e-10  |g|=    0  |ddm|= 2.55e-05
Extra cycle  E= -458.88868925833  delta_E= -3.41e-13  |g|=    0  |ddm|= 1.6e-07
Atomic HF for atom  Cl  converged. SCF energy = -458.88868925833
NELEC AFTER  = 86.5 81.5


******** <class 'pyscf.x2c.sfx2c1e.sfx2c1e.<locals>.SFX2C1E_SCF'> ********
method = SFX2C1E_SCF-UKS
initial guess = minao
damping factor = 0
level_shift factor = 0
DIIS = <class 'pyscf.scf.diis.CDIIS'>
diis_start_cycle = 1
diis_space = 15
SCF conv_tol = 1e-10
SCF conv_tol_grad = None
SCF max_cycles = 500
direct_scf = True
direct_scf_tol = 1e-13
chkfile to save SCF result = /central/scratch/hczhai/soc-pyscf-tmp/tmp2vj8w24c
max_memory 20000 MB (current use 207 MB)
number electrons alpha = 88  beta = 83
XC library pyscf.dft.libxc version 5.2.0
    S. Lehtola, C. Steigemann, M. J. Oliveira, and M. A. Marques, SoftwareX 7, 1 (2018)
XC functionals = bp86
    A. D. Becke, Phys. Rev. A 38, 3098 (1988)
    J. P. Perdew, Phys. Rev. B 33, 8822 (1986)
radial grids: 
    Treutler-Ahlrichs [JCP 102, 346 (1995); DOI:10.1063/1.469408] (M4) radial grids
    
becke partition: Becke, JCP 88, 2547 (1988); DOI:10.1063/1.454033
pruning grids: <function nwchem_prune at 0x7f949a0ba550>
grids dens level: 3
symmetrized grids: False
atomic radii adjust function: <function treutler_atomic_radii_adjust at 0x7f949a0ba4c0>
small_rho_cutoff = 1e-07


******** <class 'pyscf.x2c.sfx2c1e.SpinFreeX2CHelper'> ********
approx = 1e
xuncontract = 1
Overwritten attributes  energy_tot get_grad get_occ  of <class 'pyscf.x2c.sfx2c1e.sfx2c1e.<locals>.SFX2C1E_SCF'>
Set gradient conv threshold to 1e-05
tot grids = 134432
init E= -14787.316695528
  alpha nocc = 88  HOMO = -0.0986695272566453  LUMO = -0.00254065258628308

WARN: beta  nocc = 83  HOMO 0.0419770654166426 >= LUMO 0.0419770654252254

    sigma = 0.2  Optimized mu = [-0.03903334 -0.12185978]  entropy = 55.7219624611
    Total E(T) = -14921.6408533781  Free energy = -14932.7852458703  E0 = -14927.2130496242
cycle= 1 E= -14921.6408533781  delta_E= -134  |g|= 6.51  |ddm|= 4.56

WARN: alpha nocc = 88  HOMO 0.0321394603067299 >= LUMO 0.0321394603134999


WARN: beta  nocc = 83  HOMO 0.0350780570576637 >= LUMO 0.0350780570821639

    sigma = 0.2  Optimized mu = [ 0.07778443 -0.04844483]  entropy = 45.8282590702
    Total E(T) = -14847.8263556802  Free energy = -14856.9920074942  E0 = -14852.4091815872
cycle= 2 E= -14847.8263556802  delta_E= 73.8  |g|= 22.9  |ddm|= 4.32
  alpha nocc = 88  HOMO = 0.0552206347648553  LUMO = 0.216832508021106

WARN: beta  nocc = 83  HOMO 0.056763715218416 >= LUMO 0.0567637152227689

    sigma = 0.2  Optimized mu = [0.21097687 0.09969105]  entropy = 50.3703518252
    Total E(T) = -14901.8564756302  Free energy = -14911.9305459952  E0 = -14906.8935108127
cycle= 3 E= -14901.8564756302  delta_E=  -54  |g|= 12.2  |ddm|= 2.63
  alpha nocc = 88  HOMO = 0.0511184385733162  LUMO = 0.133310745633693

WARN: beta  nocc = 83  HOMO 0.0518833302815712 >= LUMO 0.0518833302867734


WARN: system HOMO 0.0614972828320607 >= system LUMO 0.0518833302867734

    sigma = 0.2  Optimized mu = [0.18677281 0.07560912]  entropy = 50.1305118339
    Total E(T) = -14897.7429658335  Free energy = -14907.7690682003  E0 = -14902.7560170169
cycle= 4 E= -14897.7429658335  delta_E= 4.11  |g|= 13.4  |ddm|= 0.41
  alpha nocc = 88  HOMO = 0.0528575914372612  LUMO = 0.143864954693105

WARN: beta  nocc = 83  HOMO 0.0537412231625828 >= LUMO 0.0537412231672302


WARN: system HOMO 0.0631637167415483 >= system LUMO 0.0537412231672302

    sigma = 0.2  Optimized mu = [0.19055573 0.07870101]  entropy = 49.8729685238
    Total E(T) = -14896.7140139464  Free energy = -14906.6886076512  E0 = -14901.7013107988
cycle= 5 E= -14896.7140139464  delta_E= 1.03  |g|= 13.6  |ddm|= 0.118
  alpha nocc = 88  HOMO = 0.324982020086403  LUMO = 0.375447588340253

WARN: beta  nocc = 83  HOMO 0.367489098020183 >= LUMO 0.367489098026389

    sigma = 0.2  Optimized mu = [0.38010424 0.28586633]  entropy = 55.8872957358
    Total E(T) = -14920.9523841072  Free energy = -14932.1298432543  E0 = -14926.5411136807
cycle= 6 E= -14920.9523841072  delta_E= -24.2  |g|=  3.6  |ddm|= 3.26
  alpha nocc = 88  HOMO = 0.020283571189456  LUMO = 0.317758951089274

WARN: beta  nocc = 83  HOMO 0.0275449113453478 >= LUMO 0.0275449113635415

    sigma = 0.2  Optimized mu = [0.22999112 0.1252529 ]  entropy = 52.9364087601
    Total E(T) = -14915.7489766478  Free energy = -14926.3362583998  E0 = -14921.0426175238
cycle= 7 E= -14915.7489766478  delta_E=  5.2  |g|= 7.94  |ddm|= 2.28
  alpha nocc = 88  HOMO = 0.0310079579248161  LUMO = 0.325873330232466

WARN: beta  nocc = 83  HOMO 0.0395868695645829 >= LUMO 0.0395868695850536

    sigma = 0.2  Optimized mu = [0.25365542 0.15436371]  entropy = 54.7100695641
    Total E(T) = -14920.2190149215  Free energy = -14931.1610288343  E0 = -14925.6900218779
cycle= 8 E= -14920.2190149215  delta_E= -4.47  |g|= 5.67  |ddm|= 0.413
  alpha nocc = 88  HOMO = 0.00982493009615461  LUMO = 0.30517131167139

WARN: beta  nocc = 83  HOMO 0.0375774955707118 >= LUMO 0.0375774955816758

    sigma = 0.2  Optimized mu = [0.24175316 0.14651075]  entropy = 55.8456113745
    Total E(T) = -14923.3377171143  Free energy = -14934.5068393892  E0 = -14928.9222782518
cycle= 9 E= -14923.3377171143  delta_E= -3.12  |g|= 3.57  |ddm|= 0.419
  alpha nocc = 88  HOMO = 0.119068076471745  LUMO = 0.334160671358347

WARN: beta  nocc = 83  HOMO 0.153616396567237 >= LUMO 0.153616396568059

    sigma = 0.2  Optimized mu = [0.29336795 0.20088367]  entropy = 56.8649757723
    Total E(T) = -14924.3058059434  Free energy = -14935.6788010979  E0 = -14929.9923035207
cycle= 10 E= -14924.3058059434  delta_E= -0.968  |g|= 0.742  |ddm|= 0.565
  alpha nocc = 88  HOMO = 0.145991240048016  LUMO = 0.333977297075268

WARN: beta  nocc = 83  HOMO 0.178764667498244 >= LUMO 0.178764667498589

    sigma = 0.2  Optimized mu = [0.29632227 0.20401936]  entropy = 56.9758402403
    Total E(T) = -14924.3478450434  Free energy = -14935.7430130914  E0 = -14930.0454290674
cycle= 11 E= -14924.3478450434  delta_E= -0.042  |g|= 0.144  |ddm|= 0.121
  alpha nocc = 88  HOMO = 0.140491215572295  LUMO = 0.332324096478135

WARN: beta  nocc = 83  HOMO 0.172490540730208 >= LUMO 0.172490540741377

    sigma = 0.2  Optimized mu = [0.29394784 0.20157786]  entropy = 56.9794610824
    Total E(T) = -14924.350762607  Free energy = -14935.7466548235  E0 = -14930.0487087152
cycle= 12 E= -14924.350762607  delta_E= -0.00292  |g|= 0.0125  |ddm|= 0.0317
  alpha nocc = 88  HOMO = 0.140282923958685  LUMO = 0.332355129856263

WARN: beta  nocc = 83  HOMO 0.171969642188812 >= LUMO 0.171969642193425

    sigma = 0.2  Optimized mu = [0.29392002 0.20150903]  entropy = 56.9773895617
    Total E(T) = -14924.3512010653  Free energy = -14935.7466789777  E0 = -14930.0489400215
cycle= 13 E= -14924.3512010653  delta_E= -0.000438  |g|= 0.00228  |ddm|= 0.00217
  alpha nocc = 88  HOMO = 0.140195000477116  LUMO = 0.332314456033382

WARN: beta  nocc = 83  HOMO 0.171806757707019 >= LUMO 0.171806757822084

    sigma = 0.2  Optimized mu = [0.29386298 0.2014435 ]  entropy = 56.9769849158
    Total E(T) = -14924.3512828195  Free energy = -14935.7466798027  E0 = -14930.0489813111
cycle= 14 E= -14924.3512828195  delta_E= -8.18e-05  |g|= 0.000249  |ddm|= 0.000677
  alpha nocc = 88  HOMO = 0.140211829655513  LUMO = 0.332317096857193

WARN: beta  nocc = 83  HOMO 0.171815000338017 >= LUMO 0.17181500037548

    sigma = 0.2  Optimized mu = [0.29386928 0.20144901]  entropy = 56.9770426344
    Total E(T) = -14924.3512712878  Free energy = -14935.7466798147  E0 = -14930.0489755512
cycle= 15 E= -14924.3512712878  delta_E= 1.15e-05  |g|= 8.76e-05  |ddm|= 7.6e-05
  alpha nocc = 88  HOMO = 0.140212494264876  LUMO = 0.332317136550038

WARN: beta  nocc = 83  HOMO 0.171815314593326 >= LUMO 0.171815314596512

    sigma = 0.2  Optimized mu = [0.29386945 0.20144914]  entropy = 56.9770445261
    Total E(T) = -14924.35127091  Free energy = -14935.7466798152  E0 = -14930.0489753626
cycle= 16 E= -14924.35127091  delta_E= 3.78e-07  |g|= 2.14e-05  |ddm|= 1.78e-05
  alpha nocc = 88  HOMO = 0.140213153953951  LUMO = 0.332317053765593

WARN: beta  nocc = 83  HOMO 0.171815586806312 >= LUMO 0.171815586976352

    sigma = 0.2  Optimized mu = [0.29386945 0.20144911]  entropy = 56.9770456116
    Total E(T) = -14924.3512706929  Free energy = -14935.7466798153  E0 = -14930.0489752541
cycle= 17 E= -14924.3512706929  delta_E= 2.17e-07  |g|= 1.43e-06  |ddm|= 3.55e-06
  alpha nocc = 88  HOMO = 0.14021313674698  LUMO = 0.332317050026035

WARN: beta  nocc = 83  HOMO 0.171815562053281 >= LUMO 0.171815562067716

    sigma = 0.2  Optimized mu = [0.29386944 0.2014491 ]  entropy = 56.9770454882
    Total E(T) = -14924.3512707176  Free energy = -14935.7466798152  E0 = -14930.0489752664
cycle= 18 E= -14924.3512707176  delta_E= -2.47e-08  |g|= 1.22e-06  |ddm|= 5.28e-07
  alpha nocc = 88  HOMO = 0.1402131488648  LUMO = 0.33231704739605

WARN: beta  nocc = 83  HOMO 0.171815570281556 >= LUMO 0.171815570282563

    sigma = 0.2  Optimized mu = [0.29386944 0.2014491 ]  entropy = 56.9770455901
    Total E(T) = -14924.3512706973  Free energy = -14935.7466798153  E0 = -14930.0489752563
cycle= 19 E= -14924.3512706973  delta_E= 2.03e-08  |g|= 1.31e-08  |ddm|= 2.48e-07
  alpha nocc = 88  HOMO = 0.140213149040672  LUMO = 0.332317048037859

WARN: beta  nocc = 83  HOMO 0.171815572179649 >= LUMO 0.171815572180566

    sigma = 0.2  Optimized mu = [0.29386944 0.2014491 ]  entropy = 56.9770456151
    Total E(T) = -14924.3512706922  Free energy = -14935.7466798153  E0 = -14930.0489752537
cycle= 20 E= -14924.3512706922  delta_E= 5.03e-09  |g|= 8.49e-09  |ddm|= 1.28e-08
  alpha nocc = 88  HOMO = 0.140213149096948  LUMO = 0.332317047611243

WARN: beta  nocc = 83  HOMO 0.171815571388583 >= LUMO 0.171815571389856

    sigma = 0.2  Optimized mu = [0.29386944 0.2014491 ]  entropy = 56.9770456031
    Total E(T) = -14924.3512706946  Free energy = -14935.7466798152  E0 = -14930.0489752549
cycle= 21 E= -14924.3512706946  delta_E= -2.4e-09  |g|= 2.6e-08  |ddm|= 7.99e-09
  alpha nocc = 88  HOMO = 0.140213148897724  LUMO = 0.332317047780745

WARN: beta  nocc = 83  HOMO 0.171815571602377 >= LUMO 0.171815571603454

    sigma = 0.2  Optimized mu = [0.29386944 0.2014491 ]  entropy = 56.9770456049
    Total E(T) = -14924.3512706943  Free energy = -14935.7466798152  E0 = -14930.0489752548
cycle= 22 E= -14924.3512706943  delta_E= 3.64e-10  |g|= 1.57e-08  |ddm|= 7.32e-09
  alpha nocc = 88  HOMO = 0.14021314855763  LUMO = 0.332317047735107

WARN: beta  nocc = 83  HOMO 0.171815571603807 >= LUMO 0.171815571604807

    sigma = 0.2  Optimized mu = [0.29386944 0.2014491 ]  entropy = 56.9770456061
    Total E(T) = -14924.351270694  Free energy = -14935.7466798152  E0 = -14930.0489752546
cycle= 23 E= -14924.351270694  delta_E= 2.47e-10  |g|= 1.65e-08  |ddm|= 2.19e-09
  alpha nocc = 88  HOMO = 0.140213148090963  LUMO = 0.332317047601649

WARN: beta  nocc = 83  HOMO 0.171815571078406 >= LUMO 0.171815571079274

    sigma = 0.2  Optimized mu = [0.29386944 0.2014491 ]  entropy = 56.9770456051
    Total E(T) = -14924.3512706942  Free energy = -14935.7466798152  E0 = -14930.0489752547
cycle= 24 E= -14924.3512706942  delta_E= -2.11e-10  |g|= 4.65e-09  |ddm|= 4.13e-09
  alpha nocc = 88  HOMO = 0.140213149475814  LUMO = 0.332317047693837

WARN: beta  nocc = 83  HOMO 0.171815572707512 >= LUMO 0.171815572708515

    sigma = 0.2  Optimized mu = [0.29386944 0.2014491 ]  entropy = 56.9770456158
    Total E(T) = -14924.3512706921  Free energy = -14935.7466798153  E0 = -14930.0489752537
cycle= 25 E= -14924.3512706921  delta_E= 2.14e-09  |g|= 3.68e-08  |ddm|= 7.13e-09
  alpha nocc = 88  HOMO = 0.140213146204556  LUMO = 0.332317047505226

WARN: beta  nocc = 83  HOMO 0.171815570890871 >= LUMO 0.171815570891934

    sigma = 0.2  Optimized mu = [0.29386944 0.2014491 ]  entropy = 56.9770456
    Total E(T) = -14924.3512706952  Free energy = -14935.7466798152  E0 = -14930.0489752552
cycle= 26 E= -14924.3512706952  delta_E= -3.15e-09  |g|= 3.5e-08  |ddm|= 1.3e-08
  alpha nocc = 88  HOMO = 0.140213148764091  LUMO = 0.332317048097333

WARN: beta  nocc = 83  HOMO 0.17181557227803 >= LUMO 0.171815572278878

    sigma = 0.2  Optimized mu = [0.29386944 0.2014491 ]  entropy = 56.9770456157
    Total E(T) = -14924.3512706921  Free energy = -14935.7466798153  E0 = -14930.0489752537
cycle= 27 E= -14924.3512706921  delta_E= 3.14e-09  |g|= 3.44e-09  |ddm|= 1.28e-08
  alpha nocc = 88  HOMO = 0.140213148767541  LUMO = 0.332317048073023

WARN: beta  nocc = 83  HOMO 0.171815572243422 >= LUMO 0.171815572244005

    sigma = 0.2  Optimized mu = [0.29386944 0.2014491 ]  entropy = 56.9770456146
    Total E(T) = -14924.3512706923  Free energy = -14935.7466798152  E0 = -14930.0489752538
cycle= 28 E= -14924.3512706923  delta_E= -2.29e-10  |g|= 4.13e-09  |ddm|= 5.7e-10
  alpha nocc = 88  HOMO = 0.140213148857755  LUMO = 0.332317048077635

WARN: beta  nocc = 83  HOMO 0.17181557229271 >= LUMO 0.171815572293537

    sigma = 0.2  Optimized mu = [0.29386944 0.2014491 ]  entropy = 56.9770456144
    Total E(T) = -14924.3512706924  Free energy = -14935.7466798152  E0 = -14930.0489752538
cycle= 29 E= -14924.3512706924  delta_E= -2.55e-11  |g|= 6e-09  |ddm|= 4.01e-10
  alpha nocc = 88  HOMO = 0.140213145184665  LUMO = 0.33231704767284

WARN: beta  nocc = 83  HOMO 0.171815568649637 >= LUMO 0.171815568650521

    sigma = 0.2  Optimized mu = [0.29386944 0.2014491 ]  entropy = 56.9770455912
    Total E(T) = -14924.351270697  Free energy = -14935.7466798153  E0 = -14930.0489752561
Extra cycle  E= -14924.351270697  delta_E= -4.66e-09  |g|= 8.34e-08  |ddm|= 1.71e-08
converged SCF energy = -14924.351270697  <S^2> = 0  2S+1 = 1
Nalpha = 88, Nbeta 83, Sz = 5, Norb = 137
Idemponency of DM: 0.559016994921725
active orbital indices [83 84 85 86 87]
Num active orbitals 5
core orbs: (137, 83)
act  orbs: (137, 5)
vir  orbs: (137, 49)

[pm_loc_kernel]
 mocoeff.shape= (137, 83)
 tol= 1e-06
 maxcycle= 1000
 partition= 7 \n [[0, 1, 2, 3, 4, 5, 6, 7, 8, 9, 10, 11, 12, 13, 14, 15, 16, 17, 18, 19, 20, 21, 22, 23, 24, 25, 26, 27, 28, 29, 30, 31, 32, 33, 34, 35, 36, 37, 38, 39, 40, 41, 42, 43, 44, 45, 46, 47, 48, 49, 50, 51, 52, 53, 54, 55, 56, 57, 58], [59, 60, 61, 62, 63, 64, 65, 66, 67, 68, 69, 70, 71], [72, 73, 74, 75, 76, 77, 78, 79, 80, 81, 82, 83, 84], [85, 86, 87, 88, 89, 90, 91, 92, 93, 94, 95, 96, 97], [98, 99, 100, 101, 102, 103, 104, 105, 106, 107, 108, 109, 110], [111, 112, 113, 114, 115, 116, 117, 118, 119, 120, 121, 122, 123], [124, 125, 126, 127, 128, 129, 130, 131, 132, 133, 134, 135, 136]]
 initial funval =  28.15777683506747
icycle= 0 delta= 26.973014327370414 fun= 55.13079116243789
icycle= 1 delta= 19.644081783500038 fun= 74.77487294593793
icycle= 2 delta= 7.079920660264629 fun= 81.85479360620256
icycle= 3 delta= 0.505698492149787 fun= 82.36049209835235
icycle= 4 delta= 0.05954425878271654 fun= 82.42003635713507
icycle= 5 delta= 0.007850396612170999 fun= 82.42788675374725
icycle= 6 delta= 0.0018751101237248374 fun= 82.42976186387097
icycle= 7 delta= 0.00023502934275138168 fun= 82.42999689321371
icycle= 8 delta= 3.759610764324853e-05 fun= 82.43003448932136
icycle= 9 delta= 2.593569149441017e-06 fun= 82.43003708289051
icycle= 10 delta= 1.9124700224614904e-07 fun= 82.4300372741375
CONG: PMloc converged!

[pm_loc_kernel]
 mocoeff.shape= (137, 5)
 tol= 1e-06
 maxcycle= 1000
 partition= 7 \n [[0, 1, 2, 3, 4, 5, 6, 7, 8, 9, 10, 11, 12, 13, 14, 15, 16, 17, 18, 19, 20, 21, 22, 23, 24, 25, 26, 27, 28, 29, 30, 31, 32, 33, 34, 35, 36, 37, 38, 39, 40, 41, 42, 43, 44, 45, 46, 47, 48, 49, 50, 51, 52, 53, 54, 55, 56, 57, 58], [59, 60, 61, 62, 63, 64, 65, 66, 67, 68, 69, 70, 71], [72, 73, 74, 75, 76, 77, 78, 79, 80, 81, 82, 83, 84], [85, 86, 87, 88, 89, 90, 91, 92, 93, 94, 95, 96, 97], [98, 99, 100, 101, 102, 103, 104, 105, 106, 107, 108, 109, 110], [111, 112, 113, 114, 115, 116, 117, 118, 119, 120, 121, 122, 123], [124, 125, 126, 127, 128, 129, 130, 131, 132, 133, 134, 135, 136]]
 initial funval =  4.930315692760967
icycle= 0 delta= 6.880769413420367e-05 fun= 4.9303845004551015
icycle= 1 delta= 3.77427274971846e-05 fun= 4.930422243182599
icycle= 2 delta= 4.766119434427236e-07 fun= 4.930422719794542
CONG: PMloc converged!
\nLowdin population for LMOs:
[C   0] occ =  2.00000 fii =   -122.481 (  0-Dy-    3py = 0.248) (  0-Dy-    2px = 0.199) (  0-Dy-   3dxy = 0.107) 
[C   1] occ =  2.00000 fii =    -93.202 (  0-Dy-3dx2-y2 = 0.205) (  0-Dy-  3dz^2 = 0.201) (  0-Dy-   3dyz = 0.175) 
[C   2] occ =  2.00000 fii =    -86.816 (  0-Dy-   3dxz = 0.279) (  0-Dy-3dx2-y2 = 0.240) (  0-Dy-   3dxy = 0.159) 
[C   3] occ =  2.00000 fii =    -23.134 (  0-Dy-     4s = 0.861) (  0-Dy-     3s = 0.129) (  0-Dy-     2s = 0.003) 
[C   4] occ =  2.00000 fii =     -7.696 (  4-Cl-    2pz = 0.500) (  4-Cl-    2px = 0.411) (  4-Cl-    2py = 0.076) 
[C   5] occ =  2.00000 fii =  -1738.701 (  0-Dy-     1s = 0.880) (  0-Dy-   3dyz = 0.021) (  0-Dy-  3dz^2 = 0.020) 
[C   6] occ =  2.00000 fii =     -9.121 (  4-Cl-    2pz = 0.492) (  4-Cl-    2px = 0.344) (  4-Cl-    2py = 0.137) 
[C   7] occ =  2.00000 fii =     -9.226 (  2-Cl-    2pz = 0.597) (  2-Cl-    2py = 0.341) (  2-Cl-    2px = 0.032) 
[C   8] occ =  2.00000 fii =    -29.292 (  2-Cl-    2py = 0.419) (  2-Cl-    2pz = 0.311) (  2-Cl-     1s = 0.240) 
[C   9] occ =  2.00000 fii =   -162.607 (  0-Dy-    2py = 0.402) (  0-Dy-  3dz^2 = 0.135) (  0-Dy-     3s = 0.117) 
[C  10] occ =  2.00000 fii =    -35.129 (  6-Cl-    2px = 0.652) (  6-Cl-     1s = 0.302) (  6-Cl-    2pz = 0.023) 
[C  11] occ =  2.00000 fii =   -128.159 (  0-Dy-    3pz = 0.307) (  0-Dy-    3px = 0.149) (  0-Dy-    4px = 0.102) 
[C  12] occ =  2.00000 fii =    -19.234 (  1-Cl-    2py = 0.773) (  1-Cl-     1s = 0.133) (  1-Cl-    2pz = 0.085) 
[C  13] occ =  2.00000 fii =    -14.478 (  6-Cl-    2py = 0.890) (  6-Cl-     1s = 0.083) (  6-Cl-    2pz = 0.023) 
[C  14] occ =  2.00000 fii =    -59.628 (  1-Cl-     1s = 0.563) (  1-Cl-    2pz = 0.261) (  1-Cl-    2px = 0.160) 
[C  15] occ =  2.00000 fii =    -44.275 (  3-Cl-    2px = 0.567) (  3-Cl-     1s = 0.400) (  3-Cl-    2py = 0.029) 
[C  16] occ =  2.00000 fii =     -9.980 (  3-Cl-    2pz = 0.852) (  3-Cl-    2py = 0.097) (  3-Cl-     1s = 0.035) 
[C  17] occ =  2.00000 fii =   -102.771 (  0-Dy-   3dyz = 0.271) (  0-Dy-    2pz = 0.183) (  0-Dy-    4px = 0.177) 
[C  18] occ =  2.00000 fii =    -14.995 (  5-Cl-    2px = 0.807) (  5-Cl-     1s = 0.088) (  5-Cl-    2pz = 0.066) 
[C  19] occ =  2.00000 fii =     -8.808 (  5-Cl-    2py = 0.712) (  5-Cl-    2pz = 0.147) (  5-Cl-    2px = 0.114) 
[C  20] occ =  2.00000 fii =   -145.503 (  0-Dy-     3s = 0.426) (  0-Dy-   3dxy = 0.090) (  0-Dy-    2py = 0.090) 
[C  21] occ =  2.00000 fii =    -57.737 (  3-Cl-     1s = 0.543) (  3-Cl-    2px = 0.401) (  3-Cl-    2pz = 0.046) 
[C  22] occ =  2.00000 fii =    -19.538 (  4-Cl-    2py = 0.610) (  4-Cl-    2px = 0.243) (  4-Cl-     1s = 0.137) 
[C  23] occ =  2.00000 fii =   -225.893 (  0-Dy-    2px = 0.320) (  0-Dy-    2pz = 0.261) (  0-Dy-    2py = 0.113) 
[C  24] occ =  2.00000 fii =    -85.118 (  0-Dy-    3py = 0.348) (  0-Dy-  3dz^2 = 0.348) (  0-Dy-    2py = 0.083) 
[C  25] occ =  2.00000 fii =    -95.289 (  0-Dy-3dx2-y2 = 0.179) (  0-Dy-    4py = 0.142) (  0-Dy-    3px = 0.121) 
[C  26] occ =  2.00000 fii =    -85.980 (  0-Dy-3dx2-y2 = 0.222) (  0-Dy-    3px = 0.157) (  0-Dy-   3dxz = 0.149) 
[C  27] occ =  2.00000 fii =    -87.597 (  5-Cl-     1s = 0.860) (  5-Cl-    2px = 0.062) (  5-Cl-    2py = 0.061) 
[C  28] occ =  2.00000 fii =     -6.724 (  1-Cl-    2px = 0.559) (  1-Cl-    2pz = 0.406) (  1-Cl-    2py = 0.025) 
[C  29] occ =  2.00000 fii =    -10.885 (  6-Cl-    2pz = 0.853) (  6-Cl-    2px = 0.086) (  6-Cl-     1s = 0.045) 
[C  30] occ =  2.00000 fii =    -73.591 (  2-Cl-     1s = 0.711) (  2-Cl-    2py = 0.235) (  2-Cl-    2pz = 0.023) 
[C  31] occ =  2.00000 fii =    -17.370 (  0-Dy-    4py = 0.441) (  0-Dy-    4pz = 0.252) (  0-Dy-    4px = 0.176) 
[C  32] occ =  2.00000 fii =     -7.855 (  5-Cl-    2pz = 0.769) (  5-Cl-    2py = 0.192) (  5-Cl-    2px = 0.017) 
[C  33] occ =  2.00000 fii =   -124.824 (  0-Dy-   3dxy = 0.355) (  0-Dy-   3dxz = 0.242) (  0-Dy-    2py = 0.203) 
[C  34] occ =  2.00000 fii =    -74.853 (  0-Dy-    3px = 0.262) (  0-Dy-    3pz = 0.254) (  0-Dy-    4px = 0.201) 
[C  35] occ =  2.00000 fii =    -58.764 (  6-Cl-     1s = 0.553) (  6-Cl-    2px = 0.261) (  6-Cl-    2pz = 0.085) 
[C  36] occ =  2.00000 fii =    -33.670 (  1-Cl-     1s = 0.287) (  1-Cl-    2px = 0.260) (  1-Cl-    2pz = 0.247) 
[C  37] occ =  2.00000 fii =     -7.146 (  2-Cl-    2px = 0.911) (  2-Cl-    2pz = 0.068) (  2-Cl-     2s = 0.011) 
[C  38] occ =  2.00000 fii =     -7.265 (  3-Cl-    2py = 0.856) (  3-Cl-    2pz = 0.102) (  3-Cl-    2px = 0.019) 
[C  39] occ =  2.00000 fii =    -21.814 (  0-Dy-    4pz = 0.572) (  0-Dy-    4px = 0.147) (  0-Dy-    4py = 0.102) 
[C  40] occ =  2.00000 fii =    -82.901 (  4-Cl-     1s = 0.810) (  4-Cl-    2py = 0.160) (  4-Cl-     2s = 0.024) 
[C  41] occ =  2.00000 fii =   -230.459 (  0-Dy-     2s = 0.598) (  0-Dy-   4dxy = 0.095) (  0-Dy-    2px = 0.066) 
[C  42] occ =  2.00000 fii =    -92.614 (  0-Dy-   4dxz = 0.422) (  0-Dy-   4dyz = 0.342) (  0-Dy-     2s = 0.089) 
[C  43] occ =  2.00000 fii =    -35.115 (  0-Dy-   4dxy = 0.461) (  0-Dy-   4dyz = 0.283) (  0-Dy-   4dxz = 0.059) 
[C  44] occ =  2.00000 fii =    -27.588 (  0-Dy-   4dxz = 0.338) (  0-Dy-   4dxy = 0.276) (  0-Dy-   4dyz = 0.179) 
[C  45] occ =  2.00000 fii =     -5.898 (  0-Dy-4dx2-y2 = 0.982) (  0-Dy-3dx2-y2 = 0.011) (  0-Dy-  4dz^2 = 0.006) 
[C  46] occ =  2.00000 fii =     -5.950 (  0-Dy-  4dz^2 = 0.981) (  0-Dy-  3dz^2 = 0.012) (  0-Dy-4dx2-y2 = 0.006) 
[C  47] occ =  2.00000 fii =     -0.529 (  0-Dy-    5px = 0.959) (  1-Cl-    4px = 0.008) (  2-Cl-    4px = 0.008) 
[C  48] occ =  2.00000 fii =     -0.529 (  0-Dy-    5pz = 0.959) (  5-Cl-    4pz = 0.008) (  6-Cl-    4pz = 0.008) 
[C  49] occ =  2.00000 fii =     -0.529 (  0-Dy-    5py = 0.959) (  3-Cl-    4py = 0.008) (  4-Cl-    4py = 0.008) 
[C  50] occ =  2.00000 fii =     -6.329 (  6-Cl-     2s = 0.505) (  6-Cl-     3s = 0.386) (  6-Cl-    3pz = 0.068) 
[C  51] occ =  2.00000 fii =     -6.329 (  3-Cl-     2s = 0.505) (  3-Cl-     3s = 0.386) (  3-Cl-    3py = 0.068) 
[C  52] occ =  2.00000 fii =     -6.329 (  2-Cl-     2s = 0.505) (  2-Cl-     3s = 0.386) (  2-Cl-    3px = 0.068) 
[C  53] occ =  2.00000 fii =     -6.329 (  5-Cl-     2s = 0.505) (  5-Cl-     3s = 0.386) (  5-Cl-    3pz = 0.068) 
[C  54] occ =  2.00000 fii =     -6.329 (  1-Cl-     2s = 0.505) (  1-Cl-     3s = 0.386) (  1-Cl-    3px = 0.068) 
[C  55] occ =  2.00000 fii =     -6.329 (  4-Cl-     2s = 0.505) (  4-Cl-     3s = 0.386) (  4-Cl-    3py = 0.068) 
[C  56] occ =  2.00000 fii =     -1.454 (  0-Dy-     5s = 0.895) (  0-Dy-     6s = 0.029) (  2-Cl-    4px = 0.010) 
[C  57] occ =  2.00000 fii =     -4.299 (  1-Cl-     2s = 0.444) (  1-Cl-     3s = 0.308) (  1-Cl-    3px = 0.214) 
[C  58] occ =  2.00000 fii =     -4.299 (  5-Cl-     2s = 0.444) (  5-Cl-     3s = 0.308) (  5-Cl-    3pz = 0.214) 
[C  59] occ =  2.00000 fii =     -4.299 (  4-Cl-     2s = 0.444) (  4-Cl-     3s = 0.308) (  4-Cl-    3py = 0.214) 
[C  60] occ =  2.00000 fii =     -4.298 (  2-Cl-     2s = 0.444) (  2-Cl-     3s = 0.308) (  2-Cl-    3px = 0.214) 
[C  61] occ =  2.00000 fii =     -4.298 (  3-Cl-     2s = 0.444) (  3-Cl-     3s = 0.308) (  3-Cl-    3py = 0.214) 
[C  62] occ =  2.00000 fii =     -4.298 (  6-Cl-     2s = 0.444) (  6-Cl-     3s = 0.308) (  6-Cl-    3pz = 0.214) 
[C  63] occ =  2.00000 fii =     -0.283 (  6-Cl-    3pz = 0.633) (  6-Cl-     3s = 0.179) (  0-Dy-    6pz = 0.048) 
[C  64] occ =  2.00000 fii =     -0.283 (  4-Cl-    3py = 0.633) (  4-Cl-     3s = 0.179) (  0-Dy-    6py = 0.048) 
[C  65] occ =  2.00000 fii =     -0.283 (  1-Cl-    3px = 0.633) (  1-Cl-     3s = 0.179) (  0-Dy-    6px = 0.048) 
[C  66] occ =  2.00000 fii =     -0.283 (  3-Cl-    3py = 0.633) (  3-Cl-     3s = 0.179) (  0-Dy-    6py = 0.048) 
[C  67] occ =  2.00000 fii =     -0.283 (  2-Cl-    3px = 0.633) (  2-Cl-     3s = 0.179) (  0-Dy-    6px = 0.048) 
[C  68] occ =  2.00000 fii =     -0.283 (  5-Cl-    3pz = 0.633) (  5-Cl-     3s = 0.179) (  0-Dy-    6pz = 0.048) 
[C  69] occ =  2.00000 fii =      0.085 (  0-Dy-   4f-1 = 0.531) (  0-Dy-   4f-3 = 0.319) (  0-Dy-   4f 2 = 0.142) 
[C  70] occ =  2.00000 fii =      0.137 (  0-Dy-   4f 1 = 0.538) (  0-Dy-   4f 3 = 0.323) (  0-Dy-   4f 2 = 0.132) 
[C  71] occ =  1.99999 fii =      0.021 (  4-Cl-    3px = 0.950) (  4-Cl-    3pz = 0.015) (  0-Dy-   6dxy = 0.009) 
[C  72] occ =  1.99999 fii =      0.021 (  3-Cl-    3px = 0.950) (  3-Cl-    3pz = 0.015) (  0-Dy-   6dxy = 0.009) 
[C  73] occ =  1.99999 fii =      0.021 (  2-Cl-    3py = 0.949) (  2-Cl-    3pz = 0.016) (  0-Dy-   6dxy = 0.009) 
[C  74] occ =  1.99999 fii =      0.021 (  1-Cl-    3py = 0.949) (  1-Cl-    3pz = 0.016) (  0-Dy-   6dxy = 0.009) 
[C  75] occ =  1.99999 fii =      0.021 (  6-Cl-    3px = 0.965) (  0-Dy-   6dxz = 0.010) (  0-Dy-   5dxz = 0.008) 
[C  76] occ =  1.99999 fii =      0.021 (  5-Cl-    3px = 0.965) (  0-Dy-   6dxz = 0.010) (  0-Dy-   5dxz = 0.008) 
[C  77] occ =  1.99999 fii =      0.021 (  6-Cl-    3py = 0.965) (  0-Dy-   6dyz = 0.010) (  0-Dy-   5dyz = 0.008) 
[C  78] occ =  1.99999 fii =      0.021 (  5-Cl-    3py = 0.965) (  0-Dy-   6dyz = 0.010) (  0-Dy-   5dyz = 0.008) 
[C  79] occ =  1.99999 fii =      0.021 (  4-Cl-    3pz = 0.950) (  4-Cl-    3px = 0.015) (  0-Dy-   6dyz = 0.009) 
[C  80] occ =  1.99999 fii =      0.021 (  3-Cl-    3pz = 0.950) (  3-Cl-    3px = 0.014) (  0-Dy-   6dyz = 0.009) 
[C  81] occ =  1.99999 fii =      0.021 (  1-Cl-    3pz = 0.949) (  1-Cl-    3py = 0.016) (  0-Dy-   6dxz = 0.009) 
[C  82] occ =  1.99999 fii =      0.021 (  2-Cl-    3pz = 0.949) (  2-Cl-    3py = 0.016) (  0-Dy-   6dxz = 0.009) 
[A  83] occ =  1.00000 fii =      0.156 (  0-Dy-   4f-2 = 0.999) (  0-Dy-   5f-2 = 0.001) (  0-Dy-   4f 0 = 0.000) 
[A  84] occ =  1.00000 fii =      0.156 (  0-Dy-   4f-3 = 0.615) (  0-Dy-   4f-1 = 0.372) (  3-Cl-    3py = 0.004) 
[A  85] occ =  1.00000 fii =      0.156 (  0-Dy-   4f 0 = 0.987) (  5-Cl-    3pz = 0.004) (  6-Cl-    3pz = 0.004) 
[A  86] occ =  1.00000 fii =      0.156 (  0-Dy-   4f 2 = 0.722) (  0-Dy-   4f-1 = 0.087) (  0-Dy-   4f 1 = 0.082) 
[A  87] occ =  1.00000 fii =      0.156 (  0-Dy-   4f 3 = 0.616) (  0-Dy-   4f 1 = 0.371) (  2-Cl-    3px = 0.004) 
[V  88] occ =  0.00001 fii =      0.660 (  5-Cl-    4px = 0.993) (  2-Cl-    3pz = 0.002) (  1-Cl-    3pz = 0.002) 
[V  89] occ =  0.00001 fii =      0.660 (  6-Cl-    4px = 0.993) (  1-Cl-    3pz = 0.002) (  2-Cl-    3pz = 0.002) 
[V  90] occ =  0.00001 fii =      0.660 (  3-Cl-    4px = 0.993) (  2-Cl-    3py = 0.002) (  1-Cl-    3py = 0.002) 
[V  91] occ =  0.00001 fii =      0.660 (  4-Cl-    4px = 0.993) (  1-Cl-    3py = 0.002) (  2-Cl-    3py = 0.002) 
[V  92] occ =  0.00001 fii =      0.660 (  6-Cl-    4py = 0.993) (  3-Cl-    3pz = 0.002) (  4-Cl-    3pz = 0.002) 
[V  93] occ =  0.00001 fii =      0.660 (  5-Cl-    4py = 0.993) (  4-Cl-    3pz = 0.002) (  3-Cl-    3pz = 0.002) 
[V  94] occ =  0.00001 fii =      0.660 (  2-Cl-    4py = 0.993) (  3-Cl-    3px = 0.002) (  4-Cl-    3px = 0.002) 
[V  95] occ =  0.00001 fii =      0.660 (  1-Cl-    4py = 0.993) (  4-Cl-    3px = 0.002) (  3-Cl-    3px = 0.002) 
[V  96] occ =  0.00001 fii =      0.660 (  1-Cl-    4pz = 0.993) (  6-Cl-    3px = 0.002) (  5-Cl-    3px = 0.002) 
[V  97] occ =  0.00001 fii =      0.660 (  2-Cl-    4pz = 0.993) (  5-Cl-    3px = 0.002) (  6-Cl-    3px = 0.002) 
[V  98] occ =  0.00001 fii =      0.660 (  4-Cl-    4pz = 0.993) (  5-Cl-    3py = 0.002) (  6-Cl-    3py = 0.002) 
[V  99] occ =  0.00001 fii =      0.660 (  3-Cl-    4pz = 0.993) (  6-Cl-    3py = 0.002) (  5-Cl-    3py = 0.002) 
[V 100] occ =  0.00001 fii =      0.697 (  0-Dy-     6s = 0.810) (  0-Dy-     5s = 0.027) (  5-Cl-     3s = 0.017) 
[V 101] occ =  0.00000 fii =      0.661 (  5-Cl-    4pz = 0.966) (  0-Dy-     5s = 0.010) (  0-Dy-    5pz = 0.008) 
[V 102] occ =  0.00000 fii =      0.661 (  4-Cl-    4py = 0.966) (  0-Dy-     5s = 0.010) (  0-Dy-    5py = 0.008) 
[V 103] occ =  0.00000 fii =      0.661 (  6-Cl-    4pz = 0.966) (  0-Dy-     5s = 0.010) (  0-Dy-    5pz = 0.008) 
[V 104] occ =  0.00000 fii =      0.661 (  1-Cl-    4px = 0.966) (  0-Dy-     5s = 0.010) (  0-Dy-    5px = 0.008) 
[V 105] occ =  0.00000 fii =      0.661 (  2-Cl-    4px = 0.966) (  0-Dy-     5s = 0.010) (  0-Dy-    5px = 0.008) 
[V 106] occ =  0.00000 fii =      0.661 (  3-Cl-    4py = 0.966) (  0-Dy-     5s = 0.010) (  0-Dy-    5py = 0.008) 
[V 107] occ =  0.00000 fii =      0.550 (  0-Dy-  5dz^2 = 0.883) (  6-Cl-    3pz = 0.025) (  5-Cl-    3pz = 0.025) 
[V 108] occ =  0.00000 fii =      0.550 (  0-Dy-5dx2-y2 = 0.883) (  1-Cl-    3px = 0.018) (  2-Cl-    3px = 0.018) 
[V 109] occ =  0.00000 fii =      0.971 (  5-Cl-     4s = 0.981) (  5-Cl-     3s = 0.006) (  0-Dy-    5pz = 0.005) 
[V 110] occ =  0.00000 fii =      0.971 (  4-Cl-     4s = 0.981) (  4-Cl-     3s = 0.006) (  0-Dy-    5py = 0.005) 
[V 111] occ =  0.00000 fii =      0.971 (  6-Cl-     4s = 0.981) (  6-Cl-     3s = 0.006) (  0-Dy-    5pz = 0.005) 
[V 112] occ =  0.00000 fii =      0.971 (  1-Cl-     4s = 0.981) (  1-Cl-     3s = 0.006) (  0-Dy-    5px = 0.005) 
[V 113] occ =  0.00000 fii =      0.971 (  3-Cl-     4s = 0.981) (  3-Cl-     3s = 0.006) (  0-Dy-    5py = 0.005) 
[V 114] occ =  0.00000 fii =      0.971 (  2-Cl-     4s = 0.981) (  2-Cl-     3s = 0.006) (  0-Dy-    5px = 0.005) 
[V 115] occ =  0.00000 fii =      2.283 (  0-Dy-   5f 1 = 0.993) (  6-Cl-    3px = 0.001) (  5-Cl-    3px = 0.001) 
[V 116] occ =  0.00000 fii =      2.283 (  0-Dy-   5f-1 = 0.993) (  5-Cl-    3py = 0.001) (  6-Cl-    3py = 0.001) 
[V 117] occ =  0.00000 fii =      0.844 (  0-Dy-     7s = 0.946) (  0-Dy-     5s = 0.007) (  5-Cl-    3pz = 0.005) 
[V 118] occ =  0.00000 fii =      0.773 (  0-Dy-    6px = 0.858) (  1-Cl-     3s = 0.032) (  2-Cl-     3s = 0.032) 
[V 119] occ =  0.00000 fii =      0.773 (  0-Dy-    6py = 0.858) (  4-Cl-     3s = 0.032) (  3-Cl-     3s = 0.032) 
[V 120] occ =  0.00000 fii =      0.773 (  0-Dy-    6pz = 0.858) (  6-Cl-     3s = 0.032) (  5-Cl-     3s = 0.032) 
[V 121] occ =  0.00000 fii =      0.445 (  0-Dy-   5dyz = 0.966) (  3-Cl-    3pz = 0.008) (  5-Cl-    3py = 0.008) 
[V 122] occ =  0.00000 fii =      0.445 (  0-Dy-   5dxy = 0.966) (  4-Cl-    3px = 0.008) (  2-Cl-    3py = 0.008) 
[V 123] occ =  0.00000 fii =      0.445 (  0-Dy-   5dxz = 0.966) (  5-Cl-    3px = 0.008) (  6-Cl-    3px = 0.008) 
[V 124] occ =  0.00000 fii =      2.300 (  0-Dy-   5f 3 = 0.992) (  1-Cl-    3px = 0.001) (  2-Cl-    3px = 0.001) 
[V 125] occ =  0.00000 fii =      2.300 (  0-Dy-   5f-3 = 0.992) (  3-Cl-    3py = 0.001) (  4-Cl-    3py = 0.001) 
[V 126] occ =  0.00000 fii =      2.400 (  0-Dy-    7py = 0.950) (  4-Cl-     3s = 0.017) (  3-Cl-     3s = 0.017) 
[V 127] occ =  0.00000 fii =      2.400 (  0-Dy-    7px = 0.950) (  2-Cl-     3s = 0.017) (  1-Cl-     3s = 0.017) 
[V 128] occ =  0.00000 fii =      2.400 (  0-Dy-    7pz = 0.950) (  5-Cl-     3s = 0.017) (  6-Cl-     3s = 0.017) 
[V 129] occ =  0.00000 fii =      2.258 (  0-Dy-   5f 2 = 0.996) (  4-Cl-    3pz = 0.001) (  3-Cl-    3pz = 0.001) 
[V 130] occ =  0.00000 fii =      1.773 (  0-Dy-6dx2-y2 = 0.897) (  2-Cl-     3s = 0.018) (  1-Cl-     3s = 0.018) 
[V 131] occ =  0.00000 fii =      1.773 (  0-Dy-  6dz^2 = 0.897) (  6-Cl-     3s = 0.024) (  5-Cl-     3s = 0.024) 
[V 132] occ =  0.00000 fii =      2.325 (  0-Dy-   5f 0 = 0.989) (  5-Cl-    3pz = 0.002) (  6-Cl-    3pz = 0.002) 
[V 133] occ =  0.00000 fii =      1.401 (  0-Dy-   6dxy = 0.961) (  4-Cl-    3px = 0.010) (  2-Cl-    3py = 0.010) 
[V 134] occ =  0.00000 fii =      1.401 (  0-Dy-   6dxz = 0.961) (  5-Cl-    3px = 0.010) (  6-Cl-    3px = 0.010) 
[V 135] occ =  0.00000 fii =      1.401 (  0-Dy-   6dyz = 0.961) (  3-Cl-    3pz = 0.010) (  5-Cl-    3py = 0.010) 
[V 136] occ = -0.00000 fii =      2.228 (  0-Dy-   5f-2 = 0.999) (  0-Dy-   4f-2 = 0.001) (  0-Dy-   4f-1 = 0.000) 
   [  0] occ = 2.00000 | (0-Dy-3py      = 0.248) (0-Dy-2px      = 0.199) (0-Dy-3dxy     = 0.107) 
   [  1] occ = 2.00000 | (0-Dy-3dx2-y2  = 0.205) (0-Dy-3dz^2    = 0.201) (0-Dy-3dyz     = 0.175) 
   [  2] occ = 2.00000 | (0-Dy-3dxz     = 0.279) (0-Dy-3dx2-y2  = 0.240) (0-Dy-3dxy     = 0.159) 
   [  3] occ = 2.00000 | (0-Dy-4s       = 0.867) (0-Dy-3s       = 0.130) (0-Dy-2s       = 0.003) 
   [  4] occ = 2.00000 | (4-Cl-2pz      = 0.500) (4-Cl-2px      = 0.411) (4-Cl-2py      = 0.076) 
   [  5] occ = 2.00000 | (0-Dy-1s       = 0.880) (0-Dy-3dyz     = 0.021) (0-Dy-3dz^2    = 0.020) 
   [  6] occ = 2.00000 | (4-Cl-2pz      = 0.492) (4-Cl-2px      = 0.344) (4-Cl-2py      = 0.137) 
   [  7] occ = 2.00000 | (2-Cl-2pz      = 0.597) (2-Cl-2py      = 0.341) (2-Cl-2px      = 0.032) 
   [  8] occ = 2.00000 | (2-Cl-2py      = 0.419) (2-Cl-2pz      = 0.311) (2-Cl-1s       = 0.240) 
   [  9] occ = 2.00000 | (0-Dy-2py      = 0.402) (0-Dy-3dz^2    = 0.135) (0-Dy-3s       = 0.117) 
   [ 10] occ = 2.00000 | (6-Cl-2px      = 0.652) (6-Cl-1s       = 0.302) (6-Cl-2pz      = 0.023) 
   [ 11] occ = 2.00000 | (0-Dy-3pz      = 0.307) (0-Dy-3px      = 0.149) (0-Dy-4px      = 0.102) 
   [ 12] occ = 2.00000 | (1-Cl-2py      = 0.773) (1-Cl-1s       = 0.133) (1-Cl-2pz      = 0.085) 
   [ 13] occ = 2.00000 | (6-Cl-2py      = 0.890) (6-Cl-1s       = 0.083) (6-Cl-2pz      = 0.023) 
   [ 14] occ = 2.00000 | (1-Cl-1s       = 0.563) (1-Cl-2pz      = 0.261) (1-Cl-2px      = 0.160) 
   [ 15] occ = 2.00000 | (3-Cl-2px      = 0.567) (3-Cl-1s       = 0.400) (3-Cl-2py      = 0.029) 
   [ 16] occ = 2.00000 | (3-Cl-2pz      = 0.852) (3-Cl-2py      = 0.097) (3-Cl-1s       = 0.035) 
   [ 17] occ = 2.00000 | (0-Dy-3dyz     = 0.271) (0-Dy-2pz      = 0.183) (0-Dy-4px      = 0.177) 
   [ 18] occ = 2.00000 | (5-Cl-2px      = 0.807) (5-Cl-1s       = 0.088) (5-Cl-2pz      = 0.066) 
   [ 19] occ = 2.00000 | (5-Cl-2py      = 0.712) (5-Cl-2pz      = 0.147) (5-Cl-2px      = 0.114) 
   [ 20] occ = 2.00000 | (0-Dy-3s       = 0.426) (0-Dy-3dxy     = 0.090) (0-Dy-2py      = 0.090) 
   [ 21] occ = 2.00000 | (3-Cl-1s       = 0.543) (3-Cl-2px      = 0.401) (3-Cl-2pz      = 0.046) 
   [ 22] occ = 2.00000 | (4-Cl-2py      = 0.610) (4-Cl-2px      = 0.243) (4-Cl-1s       = 0.137) 
   [ 23] occ = 2.00000 | (0-Dy-2px      = 0.320) (0-Dy-2pz      = 0.261) (0-Dy-2py      = 0.113) 
   [ 24] occ = 2.00000 | (0-Dy-3py      = 0.348) (0-Dy-3dz^2    = 0.348) (0-Dy-2py      = 0.083) 
   [ 25] occ = 2.00000 | (0-Dy-3dx2-y2  = 0.179) (0-Dy-4py      = 0.142) (0-Dy-3px      = 0.121) 
   [ 26] occ = 2.00000 | (0-Dy-3dx2-y2  = 0.222) (0-Dy-3px      = 0.157) (0-Dy-3dxz     = 0.149) 
   [ 27] occ = 2.00000 | (5-Cl-1s       = 0.860) (5-Cl-2px      = 0.062) (5-Cl-2py      = 0.061) 
   [ 28] occ = 2.00000 | (1-Cl-2px      = 0.559) (1-Cl-2pz      = 0.406) (1-Cl-2py      = 0.025) 
   [ 29] occ = 2.00000 | (6-Cl-2pz      = 0.853) (6-Cl-2px      = 0.086) (6-Cl-1s       = 0.045) 
   [ 30] occ = 2.00000 | (2-Cl-1s       = 0.711) (2-Cl-2py      = 0.235) (2-Cl-2pz      = 0.023) 
   [ 31] occ = 2.00000 | (0-Dy-4py      = 0.441) (0-Dy-4pz      = 0.252) (0-Dy-4px      = 0.176) 
   [ 32] occ = 2.00000 | (5-Cl-2pz      = 0.769) (5-Cl-2py      = 0.192) (5-Cl-2px      = 0.017) 
   [ 33] occ = 2.00000 | (0-Dy-3dxy     = 0.355) (0-Dy-3dxz     = 0.242) (0-Dy-2py      = 0.203) 
   [ 34] occ = 2.00000 | (0-Dy-3px      = 0.262) (0-Dy-3pz      = 0.254) (0-Dy-4px      = 0.201) 
   [ 35] occ = 2.00000 | (6-Cl-1s       = 0.553) (6-Cl-2px      = 0.261) (6-Cl-2pz      = 0.085) 
   [ 36] occ = 2.00000 | (1-Cl-1s       = 0.287) (1-Cl-2px      = 0.260) (1-Cl-2pz      = 0.247) 
   [ 37] occ = 2.00000 | (2-Cl-2px      = 0.911) (2-Cl-2pz      = 0.068) (2-Cl-2s       = 0.011) 
   [ 38] occ = 2.00000 | (3-Cl-2py      = 0.856) (3-Cl-2pz      = 0.102) (3-Cl-2px      = 0.019) 
   [ 39] occ = 2.00000 | (0-Dy-4pz      = 0.572) (0-Dy-4px      = 0.147) (0-Dy-4py      = 0.102) 
   [ 40] occ = 2.00000 | (4-Cl-1s       = 0.810) (4-Cl-2py      = 0.160) (4-Cl-2s       = 0.024) 
   [ 41] occ = 2.00000 | (0-Dy-2s       = 0.598) (0-Dy-4dxy     = 0.095) (0-Dy-2px      = 0.066) 
   [ 42] occ = 2.00000 | (0-Dy-4dxz     = 0.422) (0-Dy-4dyz     = 0.342) (0-Dy-2s       = 0.089) 
   [ 43] occ = 2.00000 | (0-Dy-4dxy     = 0.461) (0-Dy-4dyz     = 0.283) (0-Dy-4dxz     = 0.059) 
   [ 44] occ = 2.00000 | (0-Dy-4dxz     = 0.338) (0-Dy-4dxy     = 0.276) (0-Dy-4dyz     = 0.179) 
   [ 45] occ = 2.00000 | (0-Dy-4dx2-y2  = 0.983) (0-Dy-3dx2-y2  = 0.011) (0-Dy-4dz^2    = 0.006) 
   [ 46] occ = 2.00000 | (0-Dy-4dz^2    = 0.981) (0-Dy-3dz^2    = 0.012) (0-Dy-4dx2-y2  = 0.006) 
   [ 47] occ = 2.00000 | (0-Dy-5px      = 1.032) (1-Cl-3px      = 0.003) (2-Cl-3px      = 0.003) 
   [ 48] occ = 2.00000 | (0-Dy-5pz      = 1.032) (6-Cl-3pz      = 0.003) (5-Cl-3pz      = 0.003) 
   [ 49] occ = 2.00000 | (0-Dy-5py      = 1.032) (3-Cl-3py      = 0.003) (4-Cl-3py      = 0.003) 
   [ 50] occ = 2.00000 | (6-Cl-2s       = 0.497) (6-Cl-3s       = 0.415) (6-Cl-3pz      = 0.062) 
   [ 51] occ = 2.00000 | (3-Cl-2s       = 0.497) (3-Cl-3s       = 0.415) (3-Cl-3py      = 0.062) 
   [ 52] occ = 2.00000 | (2-Cl-2s       = 0.497) (2-Cl-3s       = 0.415) (2-Cl-3px      = 0.062) 
   [ 53] occ = 2.00000 | (5-Cl-2s       = 0.497) (5-Cl-3s       = 0.415) (5-Cl-3pz      = 0.062) 
   [ 54] occ = 2.00000 | (1-Cl-2s       = 0.497) (1-Cl-3s       = 0.415) (1-Cl-3px      = 0.062) 
   [ 55] occ = 2.00000 | (4-Cl-2s       = 0.497) (4-Cl-3s       = 0.415) (4-Cl-3py      = 0.062) 
   [ 56] occ = 2.00000 | (0-Dy-5s       = 0.983) (0-Dy-6s       = 0.006) (0-Dy-7s       = 0.003) 
   [ 57] occ = 2.00000 | (1-Cl-2s       = 0.453) (1-Cl-3s       = 0.339) (1-Cl-3px      = 0.202) 
   [ 58] occ = 2.00000 | (5-Cl-2s       = 0.453) (5-Cl-3s       = 0.339) (5-Cl-3pz      = 0.202) 
   [ 59] occ = 2.00000 | (4-Cl-2s       = 0.453) (4-Cl-3s       = 0.339) (4-Cl-3py      = 0.202) 
   [ 60] occ = 2.00000 | (2-Cl-2s       = 0.453) (2-Cl-3s       = 0.339) (2-Cl-3px      = 0.202) 
   [ 61] occ = 2.00000 | (3-Cl-2s       = 0.453) (3-Cl-3s       = 0.339) (3-Cl-3py      = 0.202) 
   [ 62] occ = 2.00000 | (6-Cl-2s       = 0.453) (6-Cl-3s       = 0.339) (6-Cl-3pz      = 0.202) 
   [ 63] occ = 2.00000 | (6-Cl-3pz      = 0.695) (6-Cl-3s       = 0.224) (6-Cl-2s       = 0.020) 
   [ 64] occ = 2.00000 | (4-Cl-3py      = 0.695) (4-Cl-3s       = 0.224) (4-Cl-2s       = 0.020) 
   [ 65] occ = 2.00000 | (1-Cl-3px      = 0.695) (1-Cl-3s       = 0.224) (1-Cl-2s       = 0.020) 
   [ 66] occ = 2.00000 | (3-Cl-3py      = 0.695) (3-Cl-3s       = 0.224) (3-Cl-2s       = 0.020) 
   [ 67] occ = 2.00000 | (2-Cl-3px      = 0.695) (2-Cl-3s       = 0.224) (2-Cl-2s       = 0.020) 
   [ 68] occ = 2.00000 | (5-Cl-3pz      = 0.695) (5-Cl-3s       = 0.224) (5-Cl-2s       = 0.020) 
 * [ 69] occ = 2.00000 | (0-Dy-4f-1     = 0.531) (0-Dy-4f-3     = 0.319) (0-Dy-4f 2     = 0.142) 
 * [ 70] occ = 2.00000 | (0-Dy-4f 1     = 0.538) (0-Dy-4f 3     = 0.323) (0-Dy-4f 2     = 0.132) 
   [ 71] occ = 1.99999 | (4-Cl-3px      = 0.970) (4-Cl-3pz      = 0.015) (0-Dy-5dxy     = 0.001) 
   [ 72] occ = 1.99999 | (3-Cl-3px      = 0.970) (3-Cl-3pz      = 0.015) (0-Dy-5dxy     = 0.001) 
   [ 73] occ = 1.99999 | (2-Cl-3py      = 0.969) (2-Cl-3pz      = 0.016) (0-Dy-5dxy     = 0.001) 
   [ 74] occ = 1.99999 | (1-Cl-3py      = 0.969) (1-Cl-3pz      = 0.016) (0-Dy-5dxy     = 0.001) 
   [ 75] occ = 1.99999 | (6-Cl-3px      = 0.985) (0-Dy-5dxz     = 0.001) (6-Cl-2px      = 0.001) 
   [ 76] occ = 1.99999 | (5-Cl-3px      = 0.985) (0-Dy-5dxz     = 0.001) (5-Cl-2px      = 0.001) 
   [ 77] occ = 1.99999 | (6-Cl-3py      = 0.985) (0-Dy-5dyz     = 0.001) (6-Cl-2py      = 0.001) 
   [ 78] occ = 1.99999 | (5-Cl-3py      = 0.985) (0-Dy-5dyz     = 0.001) (5-Cl-2py      = 0.001) 
   [ 79] occ = 1.99999 | (4-Cl-3pz      = 0.970) (4-Cl-3px      = 0.015) (0-Dy-5dyz     = 0.001) 
   [ 80] occ = 1.99999 | (3-Cl-3pz      = 0.970) (3-Cl-3px      = 0.015) (0-Dy-5dyz     = 0.001) 
   [ 81] occ = 1.99999 | (1-Cl-3pz      = 0.968) (1-Cl-3py      = 0.016) (0-Dy-5dxz     = 0.001) 
   [ 82] occ = 1.99999 | (2-Cl-3pz      = 0.968) (2-Cl-3py      = 0.016) (0-Dy-5dxz     = 0.001) 
 * [ 83] occ = 1.00000 | (0-Dy-4f-2     = 0.999) (0-Dy-5f-2     = 0.001) (0-Dy-4f 0     = 0.000) 
 * [ 84] occ = 1.00000 | (0-Dy-4f-3     = 0.617) (0-Dy-4f-1     = 0.373) (3-Cl-3py      = 0.005) 
 * [ 85] occ = 1.00000 | (0-Dy-4f 0     = 0.990) (5-Cl-3pz      = 0.005) (6-Cl-3pz      = 0.005) 
 * [ 86] occ = 1.00000 | (0-Dy-4f 2     = 0.723) (0-Dy-4f-1     = 0.087) (0-Dy-4f 1     = 0.082) 
 * [ 87] occ = 1.00000 | (0-Dy-4f 3     = 0.618) (0-Dy-4f 1     = 0.372) (2-Cl-3px      = 0.005) 
   [ 88] occ = 0.00001 | (5-Cl-4px      = 1.302) (0-Dy-6px      = 0.043) (0-Dy-7px      = 0.021) 
   [ 89] occ = 0.00001 | (6-Cl-4px      = 1.302) (0-Dy-6px      = 0.043) (0-Dy-7px      = 0.021) 
   [ 90] occ = 0.00001 | (3-Cl-4px      = 1.302) (0-Dy-6px      = 0.043) (0-Dy-7px      = 0.021) 
   [ 91] occ = 0.00001 | (4-Cl-4px      = 1.302) (0-Dy-6px      = 0.043) (0-Dy-7px      = 0.021) 
   [ 92] occ = 0.00001 | (6-Cl-4py      = 1.302) (0-Dy-6py      = 0.043) (0-Dy-7py      = 0.021) 
   [ 93] occ = 0.00001 | (5-Cl-4py      = 1.302) (0-Dy-6py      = 0.043) (0-Dy-7py      = 0.021) 
   [ 94] occ = 0.00001 | (2-Cl-4py      = 1.302) (0-Dy-6py      = 0.043) (0-Dy-7py      = 0.021) 
   [ 95] occ = 0.00001 | (1-Cl-4py      = 1.302) (0-Dy-6py      = 0.043) (0-Dy-7py      = 0.021) 
   [ 96] occ = 0.00001 | (1-Cl-4pz      = 1.302) (0-Dy-6pz      = 0.043) (0-Dy-7pz      = 0.021) 
   [ 97] occ = 0.00001 | (2-Cl-4pz      = 1.302) (0-Dy-6pz      = 0.043) (0-Dy-7pz      = 0.021) 
   [ 98] occ = 0.00001 | (4-Cl-4pz      = 1.302) (0-Dy-6pz      = 0.043) (0-Dy-7pz      = 0.021) 
   [ 99] occ = 0.00001 | (3-Cl-4pz      = 1.302) (0-Dy-6pz      = 0.043) (0-Dy-7pz      = 0.021) 
   [100] occ = 0.00001 | (0-Dy-6s       = 11.949) (0-Dy-5s       = 1.165) (5-Cl-3s       = 0.391) 
   [101] occ = 0.00000 | (5-Cl-4pz      = 1.709) (0-Dy-6pz      = 0.164) (5-Cl-4s       = 0.105) 
   [102] occ = 0.00000 | (4-Cl-4py      = 1.709) (0-Dy-6py      = 0.164) (4-Cl-4s       = 0.105) 
   [103] occ = 0.00000 | (6-Cl-4pz      = 1.709) (0-Dy-6pz      = 0.164) (6-Cl-4s       = 0.105) 
   [104] occ = 0.00000 | (1-Cl-4px      = 1.709) (0-Dy-6px      = 0.164) (1-Cl-4s       = 0.105) 
   [105] occ = 0.00000 | (2-Cl-4px      = 1.709) (0-Dy-6px      = 0.164) (2-Cl-4s       = 0.105) 
   [106] occ = 0.00000 | (3-Cl-4py      = 1.709) (0-Dy-6py      = 0.164) (3-Cl-4s       = 0.105) 
   [107] occ = 0.00000 | (0-Dy-5dz^2    = 1.766) (0-Dy-6dz^2    = 0.182) (6-Cl-3s       = 0.161) 
   [108] occ = 0.00000 | (0-Dy-5dx2-y2  = 1.766) (0-Dy-6dx2-y2  = 0.182) (4-Cl-3s       = 0.120) 
   [109] occ = 0.00000 | (5-Cl-4s       = 2.204) (0-Dy-6pz      = 0.379) (5-Cl-3s       = 0.295) 
   [110] occ = 0.00000 | (4-Cl-4s       = 2.204) (0-Dy-6py      = 0.379) (4-Cl-3s       = 0.295) 
   [111] occ = 0.00000 | (6-Cl-4s       = 2.204) (0-Dy-6pz      = 0.379) (6-Cl-3s       = 0.295) 
   [112] occ = 0.00000 | (1-Cl-4s       = 2.204) (0-Dy-6px      = 0.379) (1-Cl-3s       = 0.295) 
   [113] occ = 0.00000 | (3-Cl-4s       = 2.204) (0-Dy-6py      = 0.379) (3-Cl-3s       = 0.295) 
   [114] occ = 0.00000 | (2-Cl-4s       = 2.204) (0-Dy-6px      = 0.379) (2-Cl-3s       = 0.295) 
   [115] occ = 0.00000 | (0-Dy-5f 1     = 1.032) (1-Cl-3s       = 0.007) (2-Cl-3s       = 0.007) 
   [116] occ = 0.00000 | (0-Dy-5f-1     = 1.032) (3-Cl-3s       = 0.007) (4-Cl-3s       = 0.007) 
   [117] occ = 0.00000 | (0-Dy-7s       = 1.516) (0-Dy-5s       = 0.042) (5-Cl-3pz      = 0.022) 
   [118] occ = 0.00000 | (0-Dy-6px      = 5.962) (1-Cl-3s       = 0.733) (2-Cl-3s       = 0.733) 
   [119] occ = 0.00000 | (0-Dy-6py      = 5.962) (4-Cl-3s       = 0.733) (3-Cl-3s       = 0.733) 
   [120] occ = 0.00000 | (0-Dy-6pz      = 5.962) (6-Cl-3s       = 0.733) (5-Cl-3s       = 0.733) 
   [121] occ = 0.00000 | (0-Dy-5dyz     = 1.168) (3-Cl-3pz      = 0.027) (5-Cl-3py      = 0.027) 
   [122] occ = 0.00000 | (0-Dy-5dxy     = 1.168) (4-Cl-3px      = 0.027) (2-Cl-3py      = 0.027) 
   [123] occ = 0.00000 | (0-Dy-5dxz     = 1.168) (5-Cl-3px      = 0.027) (6-Cl-3px      = 0.027) 
   [124] occ = 0.00000 | (0-Dy-5f 3     = 1.041) (1-Cl-3s       = 0.011) (2-Cl-3s       = 0.011) 
   [125] occ = 0.00000 | (0-Dy-5f-3     = 1.041) (3-Cl-3s       = 0.011) (4-Cl-3s       = 0.011) 
   [126] occ = 0.00000 | (0-Dy-7py      = 2.092) (0-Dy-6py      = 0.565) (4-Cl-3s       = 0.269) 
   [127] occ = 0.00000 | (0-Dy-7px      = 2.092) (0-Dy-6px      = 0.565) (2-Cl-3s       = 0.269) 
   [128] occ = 0.00000 | (0-Dy-7pz      = 2.092) (0-Dy-6pz      = 0.565) (5-Cl-3s       = 0.269) 
   [129] occ = 0.00000 | (0-Dy-5f 2     = 1.018) (4-Cl-3pz      = 0.003) (3-Cl-3pz      = 0.003) 
   [130] occ = 0.00000 | (0-Dy-6dx2-y2  = 2.281) (2-Cl-3s       = 0.209) (1-Cl-3s       = 0.209) 
   [131] occ = 0.00000 | (0-Dy-6dz^2    = 2.281) (6-Cl-3s       = 0.278) (5-Cl-3s       = 0.278) 
   [132] occ = 0.00000 | (0-Dy-5f 0     = 1.055) (5-Cl-3s       = 0.018) (6-Cl-3s       = 0.018) 
   [133] occ = 0.00000 | (0-Dy-6dxy     = 1.425) (4-Cl-3px      = 0.047) (2-Cl-3py      = 0.047) 
   [134] occ = 0.00000 | (0-Dy-6dxz     = 1.425) (5-Cl-3px      = 0.047) (6-Cl-3px      = 0.047) 
   [135] occ = 0.00000 | (0-Dy-6dyz     = 1.425) (5-Cl-3py      = 0.047) (3-Cl-3pz      = 0.047) 
   [136] occ =-0.00000 | (0-Dy-5f-2     = 0.999) (0-Dy-4f-2     = 0.001) (0-Dy-4f-1     = 0.000) 
cas list =  [69, 70, 83, 84, 85, 86, 87]
split localization at 0.1 ~ 1.9
active occ =  8.999991363648178 [1.99999568 1.99999568 1.         1.         1.         1.
 1.        ]
low orbs =  []

[pm_loc_kernel]
 mocoeff.shape= (137, 0)
 tol= 1e-06
 maxcycle= 1000
 partition= 7 \n [[0, 1, 2, 3, 4, 5, 6, 7, 8, 9, 10, 11, 12, 13, 14, 15, 16, 17, 18, 19, 20, 21, 22, 23, 24, 25, 26, 27, 28, 29, 30, 31, 32, 33, 34, 35, 36, 37, 38, 39, 40, 41, 42, 43, 44, 45, 46, 47, 48, 49, 50, 51, 52, 53, 54, 55, 56, 57, 58], [59, 60, 61, 62, 63, 64, 65, 66, 67, 68, 69, 70, 71], [72, 73, 74, 75, 76, 77, 78, 79, 80, 81, 82, 83, 84], [85, 86, 87, 88, 89, 90, 91, 92, 93, 94, 95, 96, 97], [98, 99, 100, 101, 102, 103, 104, 105, 106, 107, 108, 109, 110], [111, 112, 113, 114, 115, 116, 117, 118, 119, 120, 121, 122, 123], [124, 125, 126, 127, 128, 129, 130, 131, 132, 133, 134, 135, 136]]
 initial funval =  0.0
icycle= 0 delta= 0.0 fun= 0.0
CONG: PMloc converged!
mid orbs =  [2 3 4 5 6]

[pm_loc_kernel]
 mocoeff.shape= (137, 5)
 tol= 1e-06
 maxcycle= 1000
 partition= 7 \n [[0, 1, 2, 3, 4, 5, 6, 7, 8, 9, 10, 11, 12, 13, 14, 15, 16, 17, 18, 19, 20, 21, 22, 23, 24, 25, 26, 27, 28, 29, 30, 31, 32, 33, 34, 35, 36, 37, 38, 39, 40, 41, 42, 43, 44, 45, 46, 47, 48, 49, 50, 51, 52, 53, 54, 55, 56, 57, 58], [59, 60, 61, 62, 63, 64, 65, 66, 67, 68, 69, 70, 71], [72, 73, 74, 75, 76, 77, 78, 79, 80, 81, 82, 83, 84], [85, 86, 87, 88, 89, 90, 91, 92, 93, 94, 95, 96, 97], [98, 99, 100, 101, 102, 103, 104, 105, 106, 107, 108, 109, 110], [111, 112, 113, 114, 115, 116, 117, 118, 119, 120, 121, 122, 123], [124, 125, 126, 127, 128, 129, 130, 131, 132, 133, 134, 135, 136]]
 initial funval =  4.930422719794543
icycle= 0 delta= 1.3218976791855488e-09 fun= 4.93042272111644
CONG: PMloc converged!
high orbs =  [0 1]

[pm_loc_kernel]
 mocoeff.shape= (137, 2)
 tol= 1e-06
 maxcycle= 1000
 partition= 7 \n [[0, 1, 2, 3, 4, 5, 6, 7, 8, 9, 10, 11, 12, 13, 14, 15, 16, 17, 18, 19, 20, 21, 22, 23, 24, 25, 26, 27, 28, 29, 30, 31, 32, 33, 34, 35, 36, 37, 38, 39, 40, 41, 42, 43, 44, 45, 46, 47, 48, 49, 50, 51, 52, 53, 54, 55, 56, 57, 58], [59, 60, 61, 62, 63, 64, 65, 66, 67, 68, 69, 70, 71], [72, 73, 74, 75, 76, 77, 78, 79, 80, 81, 82, 83, 84], [85, 86, 87, 88, 89, 90, 91, 92, 93, 94, 95, 96, 97], [98, 99, 100, 101, 102, 103, 104, 105, 106, 107, 108, 109, 110], [111, 112, 113, 114, 115, 116, 117, 118, 119, 120, 121, 122, 123], [124, 125, 126, 127, 128, 129, 130, 131, 132, 133, 134, 135, 136]]
 initial funval =  1.9995830832796804
icycle= 0 delta= 1.0001195852524174e-14 fun= 1.9995830832796904
CONG: PMloc converged!
NACTORB = 7 NACTELEC = 9 NCORE = 81
Spherically averaged atomic HF for {'Dy', 'Cl'}


******** <class 'pyscf.scf.atom_hf.AtomSphAverageRHF'> ********
method = AtomSphAverageRHF-RHF
initial guess = minao
damping factor = 0
level_shift factor = 0
DIIS = <class 'pyscf.scf.diis.CDIIS'>
diis_start_cycle = 1
diis_space = 8
SCF conv_tol = 1e-09
SCF conv_tol_grad = None
SCF max_cycles = 50
direct_scf = True
direct_scf_tol = 1e-13
chkfile to save SCF result = /central/scratch/hczhai/soc-pyscf-tmp/tmpbxsafmor
max_memory 20000 MB (current use 596 MB)
atom = Dy
Set gradient conv threshold to 3.16228e-05
init E= -10663.2077249146
cycle= 1 E= -10690.3316345374  delta_E= -27.1  |g|=    0  |ddm|= 3.86
cycle= 2 E= -10695.1729678745  delta_E= -4.84  |g|=    0  |ddm|=  4.8
cycle= 3 E= -10704.9358234951  delta_E= -9.76  |g|=    0  |ddm|= 2.49
cycle= 4 E= -10704.9544732764  delta_E= -0.0186  |g|=    0  |ddm|= 0.141
cycle= 5 E= -10704.9567013852  delta_E= -0.00223  |g|=    0  |ddm|= 0.0434
cycle= 6 E= -10704.9567340953  delta_E= -3.27e-05  |g|=    0  |ddm|= 0.00768
cycle= 7 E= -10704.9567362389  delta_E= -2.14e-06  |g|=    0  |ddm|= 0.00215
cycle= 8 E= -10704.9567362799  delta_E= -4.09e-08  |g|=    0  |ddm|= 0.000589
cycle= 9 E= -10704.95673628  delta_E= -1.24e-10  |g|=    0  |ddm|= 3.23e-05
Extra cycle  E= -10704.95673628  delta_E= -1.82e-11  |g|=    0  |ddm|= 3.8e-07
Atomic HF for atom  Dy  converged. SCF energy = -10704.95673628


******** <class 'pyscf.scf.atom_hf.AtomSphAverageRHF'> ********
method = AtomSphAverageRHF-RHF
initial guess = minao
damping factor = 0
level_shift factor = 0
DIIS = <class 'pyscf.scf.diis.CDIIS'>
diis_start_cycle = 1
diis_space = 8
SCF conv_tol = 1e-09
SCF conv_tol_grad = None
SCF max_cycles = 50
direct_scf = True
direct_scf_tol = 1e-13
chkfile to save SCF result = /central/scratch/hczhai/soc-pyscf-tmp/tmp4mn0htqi
max_memory 20000 MB (current use 658 MB)
atom = Cl
Set gradient conv threshold to 3.16228e-05
init E= -458.887636435305
cycle= 1 E= -458.888650005697  delta_E= -0.00101  |g|=    0  |ddm|= 0.0495
cycle= 2 E= -458.888686753694  delta_E= -3.67e-05  |g|=    0  |ddm|= 0.0127
cycle= 3 E= -458.888689245199  delta_E= -2.49e-06  |g|=    0  |ddm|= 0.00273
cycle= 4 E= -458.888689258122  delta_E= -1.29e-08  |g|=    0  |ddm|= 0.000175
cycle= 5 E= -458.88868925833  delta_E= -2.08e-10  |g|=    0  |ddm|= 2.55e-05
Extra cycle  E= -458.88868925833  delta_E= -2.84e-13  |g|=    0  |ddm|= 1.6e-07
Atomic HF for atom  Cl  converged. SCF energy = -458.88868925833
 ** Mulliken pop            alpha | beta         magnetism **
pop of  0 Dy 1s           0.99992 | 0.99992        0.00000
pop of  0 Dy 2s           0.99907 | 0.99899        0.00008
pop of  0 Dy 3s           0.98987 | 0.98952        0.00035
pop of  0 Dy 4s           0.89742 | 0.88656        0.01086
pop of  0 Dy 5s           0.26378 | 0.23591        0.02787
pop of  0 Dy 6s           0.38881 | 0.32506        0.06376
pop of  0 Dy 7s           0.90121 | 0.89509        0.00612
pop of  0 Dy 2px          0.99994 | 0.99994        0.00000
pop of  0 Dy 2py          0.99994 | 0.99994        0.00000
pop of  0 Dy 2pz          0.99994 | 0.99994        0.00000
pop of  0 Dy 3px          0.99973 | 0.99973        0.00001
pop of  0 Dy 3py          0.99973 | 0.99973        0.00001
pop of  0 Dy 3pz          0.99973 | 0.99973        0.00001
pop of  0 Dy 4px          0.99748 | 0.99741        0.00007
pop of  0 Dy 4py          0.99748 | 0.99741        0.00007
pop of  0 Dy 4pz          0.99748 | 0.99741        0.00007
pop of  0 Dy 5px          0.91128 | 0.89805        0.01322
pop of  0 Dy 5py          0.91128 | 0.89805        0.01322
pop of  0 Dy 5pz          0.91128 | 0.89805        0.01322
pop of  0 Dy 6px          0.30337 | 0.25113        0.05224
pop of  0 Dy 6py          0.30337 | 0.25113        0.05224
pop of  0 Dy 6pz          0.30337 | 0.25113        0.05224
pop of  0 Dy 7px          0.04428 | 0.03689        0.00739
pop of  0 Dy 7py          0.04428 | 0.03689        0.00739
pop of  0 Dy 7pz          0.04428 | 0.03689        0.00739
pop of  0 Dy 3dxy         1.00000 | 1.00000       -0.00000
pop of  0 Dy 3dyz         1.00000 | 1.00000       -0.00000
pop of  0 Dy 3dz^2        1.00000 | 1.00000       -0.00000
pop of  0 Dy 3dxz         1.00000 | 1.00000       -0.00000
pop of  0 Dy 3dx2-y2      1.00000 | 1.00000       -0.00000
pop of  0 Dy 4dxy         0.99999 | 0.99999        0.00000
pop of  0 Dy 4dyz         0.99999 | 0.99999        0.00000
pop of  0 Dy 4dz^2        0.99994 | 0.99994        0.00000
pop of  0 Dy 4dxz         0.99999 | 0.99999        0.00000
pop of  0 Dy 4dx2-y2      0.99994 | 0.99994        0.00000
pop of  0 Dy 5dxy         0.35850 | 0.25131        0.10720
pop of  0 Dy 5dyz         0.35850 | 0.25131        0.10720
pop of  0 Dy 5dz^2        0.34709 | 0.27008        0.07701
pop of  0 Dy 5dxz         0.35850 | 0.25131        0.10720
pop of  0 Dy 5dx2-y2      0.34709 | 0.27008        0.07701
pop of  0 Dy 6dxy         0.04045 | 0.02888        0.01157
pop of  0 Dy 6dyz         0.04045 | 0.02888        0.01157
pop of  0 Dy 6dz^2        0.08267 | 0.06540        0.01726
pop of  0 Dy 6dxz         0.04045 | 0.02888        0.01157
pop of  0 Dy 6dx2-y2      0.08267 | 0.06540        0.01726
pop of  0 Dy 4f-3         0.68406 | 0.53703        0.14703
pop of  0 Dy 4f-2         0.68369 | 0.53647        0.14722
pop of  0 Dy 4f-1         0.68405 | 0.53698        0.14707
pop of  0 Dy 4f 0         0.68406 | 0.53709        0.14697
pop of  0 Dy 4f 1         0.68405 | 0.53698        0.14707
pop of  0 Dy 4f 2         0.68404 | 0.53692        0.14712
pop of  0 Dy 4f 3         0.68406 | 0.53703        0.14703
pop of  0 Dy 5f-3         0.00833 | 0.00721        0.00112
pop of  0 Dy 5f-2         0.00047 | 0.00043        0.00004
pop of  0 Dy 5f-1         0.00647 | 0.00557        0.00090
pop of  0 Dy 5f 0         0.01112 | 0.00967        0.00145
pop of  0 Dy 5f 1         0.00647 | 0.00557        0.00090
pop of  0 Dy 5f 2         0.00368 | 0.00311        0.00057
pop of  0 Dy 5f 3         0.00833 | 0.00721        0.00112
pop of  1 Cl 1s           0.99993 | 0.99992        0.00000
pop of  1 Cl 2s           0.99500 | 0.99486        0.00014
pop of  1 Cl 3s           0.86655 | 0.84663        0.01992
pop of  1 Cl 4s           0.13153 | 0.09375        0.03777
pop of  1 Cl 2px          0.99979 | 0.99977        0.00001
pop of  1 Cl 2py          0.99993 | 0.99993        0.00000
pop of  1 Cl 2pz          0.99993 | 0.99993        0.00000
pop of  1 Cl 3px          0.75123 | 0.66010        0.09113
pop of  1 Cl 3py          0.77435 | 0.67744        0.09691
pop of  1 Cl 3pz          0.77435 | 0.67744        0.09691
pop of  1 Cl 4px          0.19137 | 0.13333        0.05805
pop of  1 Cl 4py          0.16657 | 0.10935        0.05722
pop of  1 Cl 4pz          0.16657 | 0.10935        0.05722
pop of  2 Cl 1s           0.99993 | 0.99992        0.00000
pop of  2 Cl 2s           0.99500 | 0.99486        0.00014
pop of  2 Cl 3s           0.86655 | 0.84663        0.01992
pop of  2 Cl 4s           0.13153 | 0.09375        0.03777
pop of  2 Cl 2px          0.99979 | 0.99977        0.00001
pop of  2 Cl 2py          0.99993 | 0.99993        0.00000
pop of  2 Cl 2pz          0.99993 | 0.99993        0.00000
pop of  2 Cl 3px          0.75123 | 0.66010        0.09113
pop of  2 Cl 3py          0.77435 | 0.67744        0.09691
pop of  2 Cl 3pz          0.77435 | 0.67744        0.09691
pop of  2 Cl 4px          0.19137 | 0.13333        0.05805
pop of  2 Cl 4py          0.16657 | 0.10935        0.05722
pop of  2 Cl 4pz          0.16657 | 0.10935        0.05722
pop of  3 Cl 1s           0.99993 | 0.99992        0.00000
pop of  3 Cl 2s           0.99500 | 0.99486        0.00014
pop of  3 Cl 3s           0.86655 | 0.84663        0.01992
pop of  3 Cl 4s           0.13153 | 0.09375        0.03777
pop of  3 Cl 2px          0.99993 | 0.99993        0.00000
pop of  3 Cl 2py          0.99979 | 0.99977        0.00001
pop of  3 Cl 2pz          0.99993 | 0.99993        0.00000
pop of  3 Cl 3px          0.77435 | 0.67744        0.09691
pop of  3 Cl 3py          0.75123 | 0.66010        0.09113
pop of  3 Cl 3pz          0.77435 | 0.67744        0.09691
pop of  3 Cl 4px          0.16657 | 0.10935        0.05722
pop of  3 Cl 4py          0.19137 | 0.13333        0.05805
pop of  3 Cl 4pz          0.16657 | 0.10935        0.05722
pop of  4 Cl 1s           0.99993 | 0.99992        0.00000
pop of  4 Cl 2s           0.99500 | 0.99486        0.00014
pop of  4 Cl 3s           0.86655 | 0.84663        0.01992
pop of  4 Cl 4s           0.13153 | 0.09375        0.03777
pop of  4 Cl 2px          0.99993 | 0.99993        0.00000
pop of  4 Cl 2py          0.99979 | 0.99977        0.00001
pop of  4 Cl 2pz          0.99993 | 0.99993        0.00000
pop of  4 Cl 3px          0.77435 | 0.67744        0.09691
pop of  4 Cl 3py          0.75123 | 0.66010        0.09113
pop of  4 Cl 3pz          0.77435 | 0.67744        0.09691
pop of  4 Cl 4px          0.16657 | 0.10935        0.05722
pop of  4 Cl 4py          0.19137 | 0.13333        0.05805
pop of  4 Cl 4pz          0.16657 | 0.10935        0.05722
pop of  5 Cl 1s           0.99993 | 0.99992        0.00000
pop of  5 Cl 2s           0.99500 | 0.99486        0.00014
pop of  5 Cl 3s           0.86655 | 0.84663        0.01992
pop of  5 Cl 4s           0.13153 | 0.09375        0.03777
pop of  5 Cl 2px          0.99993 | 0.99993        0.00000
pop of  5 Cl 2py          0.99993 | 0.99993        0.00000
pop of  5 Cl 2pz          0.99979 | 0.99977        0.00001
pop of  5 Cl 3px          0.77435 | 0.67744        0.09691
pop of  5 Cl 3py          0.77435 | 0.67744        0.09691
pop of  5 Cl 3pz          0.75123 | 0.66010        0.09113
pop of  5 Cl 4px          0.16657 | 0.10935        0.05722
pop of  5 Cl 4py          0.16657 | 0.10935        0.05722
pop of  5 Cl 4pz          0.19137 | 0.13333        0.05805
pop of  6 Cl 1s           0.99993 | 0.99992        0.00000
pop of  6 Cl 2s           0.99500 | 0.99486        0.00014
pop of  6 Cl 3s           0.86655 | 0.84663        0.01992
pop of  6 Cl 4s           0.13153 | 0.09375        0.03777
pop of  6 Cl 2px          0.99993 | 0.99993        0.00000
pop of  6 Cl 2py          0.99993 | 0.99993        0.00000
pop of  6 Cl 2pz          0.99979 | 0.99977        0.00001
pop of  6 Cl 3px          0.77435 | 0.67744        0.09691
pop of  6 Cl 3py          0.77435 | 0.67744        0.09691
pop of  6 Cl 3pz          0.75123 | 0.66010        0.09113
pop of  6 Cl 4px          0.16657 | 0.10935        0.05722
pop of  6 Cl 4py          0.16657 | 0.10935        0.05722
pop of  6 Cl 4pz          0.19137 | 0.13333        0.05805
In total                 88.00000 | 83.00000       5.00000
 ** Mulliken atomic charges    ( Nelec_alpha | Nelec_beta )    magnetism **
charge of    0Dy =     -2.28649  (    35.09741     33.18909 )      1.90832
charge of    1Cl =     -0.11892  (     8.81710      8.30182 )      0.51528
charge of    2Cl =     -0.11892  (     8.81710      8.30182 )      0.51528
charge of    3Cl =     -0.11892  (     8.81710      8.30182 )      0.51528
charge of    4Cl =     -0.11892  (     8.81710      8.30182 )      0.51528
charge of    5Cl =     -0.11892  (     8.81710      8.30182 )      0.51528
charge of    6Cl =     -0.11892  (     8.81710      8.30182 )      0.51528

******** <class 'pyscf.mcscf.addons._state_average_mcscf_solver.<locals>.StateAverageMCSCF'> ********
CAS (7e+2e, 7o), ncore = 81, nvir = 49
max_cycle_macro = 50
max_cycle_micro = 4
conv_tol = 1e-07
conv_tol_grad = None
orbital rotation max_stepsize = 0.02
orbital rotation threshold for CI restart = 0.01
augmented hessian ah_max_cycle = 30
augmented hessian ah_conv_tol = 1e-12
augmented hessian ah_linear dependence = 1e-14
augmented hessian ah_level shift = 1e-08
augmented hessian ah_start_tol = 2.5
augmented hessian ah_start_cycle = 3
augmented hessian ah_grad_trust_region = 3
kf_trust_region = 3
kf_interval = 4
ci_response_space = 4
ci_grad_trust_region = 3
with_dep4 0
natorb = False
canonicalization = True
sorting_mo_energy = False
ao2mo_level = 2
chkfile = /central/scratch/hczhai/soc-pyscf-tmp/tmprc4vsx_b
max_memory 20000 MB (current use 637 MB)
internal_rotation = False

******** Block flags ********
executable             = /home/hczhai/program/anaconda3/envs/python3.7/bin/block2main
BLOCKEXE_COMPRESS_NEVPT= /path/to/serially/compiled/Block/block.spin_adapted
Block version          = 2.0
mpiprefix              = 
scratchDirectory       = /central/scratch/hczhai/soc-pyscf-tmp/41152
integralFile           = 41152/FCIDUMP
configFile             = 41152/dmrg.conf
outputFile             = 41152/dmrg.out
maxIter                = 32
scheduleSweeps         = [0, 4, 8, 12, 14, 16, 18, 20]
scheduleMaxMs          = [200, 400, 800, 1000, 1000, 1000, 1000, 1000]
scheduleTols           = [0.0001, 0.0001, 0.0001, 0.0001, 1e-05, 1.0000000000000002e-06, 1.0000000000000002e-07, 1e-08]
scheduleNoises         = [0.0001, 0.0001, 0.0001, 0.0001, 1e-05, 1.0000000000000002e-06, 1.0000000000000002e-07, 0.0]
twodot_to_onedot       = 24
tol                    = 1e-07
maxM                   = 1000
dmrg switch tol        = 0.001
wfnsym                 = None
fullrestart            = False
num_thrds              = 1
memory                 = None

CASCI E = -14918.4115960988  S^2 = 3.5500000
Set conv_tol_grad to 0.000316228
macro iter 1 (16 JK  4 micro), CASSCF E = -14918.7768651315  dE = -0.36526903  S^2 = 3.5500000
               |grad[o]|= 2.03  |ddm|=0.455  |maxRot[o]|=0.0634
macro iter 2 (20 JK  4 micro), CASSCF E = -14918.7807113591  dE = -0.0038462276  S^2 = 3.5500000
               |grad[o]|= 1.26  |ddm|=0.0742  |maxRot[o]|=0.0148
macro iter 3 (29 JK  4 micro), CASSCF E = -14918.7807136661  dE = -2.3070224e-06  S^2 = 3.5500000
               |grad[o]|=0.00909  |ddm|=0.00376  |maxRot[o]|=0.000142
macro iter 4 (7 JK  1 micro), CASSCF E = -14918.7807137231  dE = -5.6974386e-08  S^2 = 3.5500000
               |grad[o]|=0.000495  |ddm|=0.00142  |maxRot[o]|=2.38e-05
macro iter 5 (8 JK  1 micro), CASSCF E = -14918.7807137848  dE = -6.1729224e-08  S^2 = 3.5500000
               |grad[o]|=0.000522  |ddm|=0.00158  |maxRot[o]|=2.52e-05
macro iter 6 (7 JK  1 micro), CASSCF E = -14918.780713863  dE = -7.8187441e-08  S^2 = 3.5500000
               |grad[o]|=0.000597  |ddm|=0.00173  |maxRot[o]|=2.63e-05
macro iter 7 (6 JK  1 micro), CASSCF E = -14918.780713953  dE = -9.0009053e-08  S^2 = 3.5500000
               |grad[o]|=0.000644  |ddm|=0.00184  |maxRot[o]|=2.66e-05
macro iter 8 (5 JK  1 micro), CASSCF E = -14918.7807140574  dE = -1.0437725e-07  S^2 = 3.5500000
               |grad[o]|=0.000687  |ddm|=0.00191  |maxRot[o]|=2.72e-05
macro iter 9 (4 JK  1 micro), CASSCF E = -14918.7807141679  dE = -1.104454e-07  S^2 = 3.5500000
               |grad[o]|=0.000697  |ddm|=0.00191  |maxRot[o]|=2.72e-05
macro iter 10 (4 JK  1 micro), CASSCF E = -14918.7807142711  dE = -1.0321673e-07  S^2 = 3.5500000
               |grad[o]|=0.000674  |ddm|=0.00191  |maxRot[o]|=2.47e-05
macro iter 11 (5 JK  1 micro), CASSCF E = -14918.7807143735  dE = -1.0238182e-07  S^2 = 3.5500000
               |grad[o]|=0.000704  |ddm|=0.00183  |maxRot[o]|=2.27e-05
macro iter 12 (6 JK  1 micro), CASSCF E = -14918.7807144674  dE = -9.3970812e-08  S^2 = 3.5500000
               |grad[o]|=0.000672  |ddm|=0.00173  |maxRot[o]|=2.16e-05
macro iter 13 (6 JK  1 micro), CASSCF E = -14918.7807145533  dE = -8.5883585e-08  S^2 = 3.5500000
               |grad[o]|=0.000653  |ddm|=0.00164  |maxRot[o]|=1.83e-05
macro iter 14 (5 JK  1 micro), CASSCF E = -14918.7807146287  dE = -7.5338903e-08  S^2 = 3.5500000
               |grad[o]|=0.000606  |ddm|=0.00152  |maxRot[o]|=1.87e-05
macro iter 15 (4 JK  1 micro), CASSCF E = -14918.7807146961  dE = -6.7493602e-08  S^2 = 3.5500000
               |grad[o]|=0.000584  |ddm|=0.00138  |maxRot[o]|=1.48e-05
macro iter 16 (3 JK  1 micro), CASSCF E = -14918.780714753  dE = -5.6848876e-08  S^2 = 3.5500000
               |grad[o]|=0.000538  |ddm|=0.00124  |maxRot[o]|=1.46e-05
macro iter 17 (3 JK  1 micro), CASSCF E = -14918.7807148001  dE = -4.7150024e-08  S^2 = 3.5500000
               |grad[o]|=0.000501  |ddm|=0.00116  |maxRot[o]|=1.48e-05
macro iter 18 (5 JK  1 micro), CASSCF E = -14918.7807148391  dE = -3.8933649e-08  S^2 = 3.5500000
               |grad[o]|=0.000431  |ddm|=0.00107  |maxRot[o]|=1.26e-05
macro iter 19 (7 JK  1 micro), CASSCF E = -14918.7807148716  dE = -3.2534444e-08  S^2 = 3.5500000
               |grad[o]|=0.000386  |ddm|=0.000963  |maxRot[o]|=1.3e-05
macro iter 20 (12 JK  1 micro), CASSCF E = -14918.7807148927  dE = -2.1080268e-08  S^2 = 3.5500000
               |grad[o]|=0.000379  |ddm|=0.000594  |maxRot[o]|=9.62e-06
macro iter 21 (14 JK  1 micro), CASSCF E = -14918.7807149002  dE = -7.550625e-09  S^2 = 3.5500000
               |grad[o]|=0.000321  |ddm|=0.000183  |maxRot[o]|=3.5e-06
macro iter 22 (15 JK  1 micro), CASSCF E = -14918.7807149022  dE = -1.9681465e-09  S^2 = 3.5500000
               |grad[o]|=0.000318  |ddm|=7.63e-08  |maxRot[o]|=1.14e-06
macro iter 23 (16 JK  1 micro), CASSCF E = -14918.7807149031  dE = -9.2040864e-10  S^2 = 3.5500000
               |grad[o]|=0.000311  |ddm|=5.9e-08  |maxRot[o]|=3.67e-07
1-step CASSCF converged in 23 macro (207 JK 32 micro) steps
CASSCF canonicalization
Density matrix diagonal elements [1.29537728 1.29320421 1.28962135 1.29147065 1.27070372 1.29043896
 1.26918383]
CASSCF energy = -14918.7807149031
CASCI E = -14918.7807149031  E(CI) = -45.4667741257381  S^2 = 3.5500000
CASCI state-averaged energy = -14918.7807149031
CASCI energy for each state
  State 0 weight 0.00952381  E = -14918.735732774 S^2 = 0.7500000
  State 1 weight 0.00952381  E = -14918.7357196986 S^2 = 0.7500000
  State 2 weight 0.00952381  E = -14918.7356741272 S^2 = 0.7500000
  State 3 weight 0.00952381  E = -14918.7356531601 S^2 = 0.7500000
  State 4 weight 0.00952381  E = -14918.7356473008 S^2 = 0.7500000
  State 5 weight 0.00952381  E = -14918.7355973514 S^2 = 0.7500000
  State 6 weight 0.00952381  E = -14918.7351007556 S^2 = 0.7500000
  State 7 weight 0.00952381  E = -14918.7351004786 S^2 = 0.7500000
  State 8 weight 0.00952381  E = -14918.7350862291 S^2 = 0.7500000
  State 9 weight 0.00952381  E = -14918.7350033416 S^2 = 0.7500000
  State 10 weight 0.00952381  E = -14918.7349996639 S^2 = 0.7500000
  State 11 weight 0.00952381  E = -14918.7349731678 S^2 = 0.7500000
  State 12 weight 0.00952381  E = -14918.7348849957 S^2 = 0.7500000
  State 13 weight 0.00952381  E = -14918.7348845277 S^2 = 0.7500000
  State 14 weight 0.00952381  E = -14918.7348619488 S^2 = 0.7500000
  State 15 weight 0.00952381  E = -14918.7348607656 S^2 = 0.7500000
  State 16 weight 0.00952381  E = -14918.7348554502 S^2 = 0.7500000
  State 17 weight 0.00952381  E = -14918.7280718121 S^2 = 0.7500000
  State 18 weight 0.00952381  E = -14918.7280576696 S^2 = 0.7500000
  State 19 weight 0.00952381  E = -14918.7280509507 S^2 = 0.7500000
  State 20 weight 0.00952381  E = -14918.728027419 S^2 = 0.7500000
  State 21 weight 0.00952381  E = -14918.7279401396 S^2 = 0.7500000
  State 22 weight 0.00952381  E = -14918.7279397738 S^2 = 0.7500000
  State 23 weight 0.00952381  E = -14918.7274717255 S^2 = 0.7500000
  State 24 weight 0.00952381  E = -14918.7274486065 S^2 = 0.7500000
  State 25 weight 0.00952381  E = -14918.7274438953 S^2 = 0.7500000
  State 26 weight 0.00952381  E = -14918.7274048868 S^2 = 0.7500000
  State 27 weight 0.00952381  E = -14918.7273785863 S^2 = 0.7500000
  State 28 weight 0.00952381  E = -14918.727373887 S^2 = 0.7500000
  State 29 weight 0.00952381  E = -14918.7272736124 S^2 = 0.7500000
  State 30 weight 0.00952381  E = -14918.7272445789 S^2 = 0.7500000
  State 31 weight 0.00952381  E = -14918.7272439008 S^2 = 0.7500000
  State 32 weight 0.00952381  E = -14918.7123011059 S^2 = 0.7500000
  State 33 weight 0.00952381  E = -14918.7122931475 S^2 = 0.7500000
  State 34 weight 0.00952381  E = -14918.7122199908 S^2 = 0.7500000
  State 35 weight 0.00952381  E = -14918.7122199899 S^2 = 0.7500000
  State 36 weight 0.00952381  E = -14918.7121507083 S^2 = 0.7500000
  State 37 weight 0.00952381  E = -14918.7120673384 S^2 = 0.7500000
  State 38 weight 0.00952381  E = -14918.7120673184 S^2 = 0.7500000
  State 39 weight 0.00952381  E = -14918.7119024241 S^2 = 0.7500000
  State 40 weight 0.00952381  E = -14918.71190238 S^2 = 0.7500000
  State 41 weight 0.00952381  E = -14918.7117738146 S^2 = 0.7500000
  State 42 weight 0.00952381  E = -14918.7918827361 S^2 = 3.7500000
  State 43 weight 0.00952381  E = -14918.7918484007 S^2 = 3.7500000
  State 44 weight 0.00952381  E = -14918.7918272211 S^2 = 3.7500000
  State 45 weight 0.00952381  E = -14918.7917833121 S^2 = 3.7500000
  State 46 weight 0.00952381  E = -14918.7915649411 S^2 = 3.7500000
  State 47 weight 0.00952381  E = -14918.791521123 S^2 = 3.7500000
  State 48 weight 0.00952381  E = -14918.7914620206 S^2 = 3.7500000
  State 49 weight 0.00952381  E = -14918.7913981085 S^2 = 3.7500000
  State 50 weight 0.00952381  E = -14918.7913929693 S^2 = 3.7500000
  State 51 weight 0.00952381  E = -14918.7913184626 S^2 = 3.7500000
  State 52 weight 0.00952381  E = -14918.7912894726 S^2 = 3.7500000
  State 53 weight 0.00952381  E = -14918.7912584447 S^2 = 3.7500000
  State 54 weight 0.00952381  E = -14918.7910464729 S^2 = 3.7500000
  State 55 weight 0.00952381  E = -14918.7904446314 S^2 = 3.7500000
  State 56 weight 0.00952381  E = -14918.7904429475 S^2 = 3.7500000
  State 57 weight 0.00952381  E = -14918.7904213035 S^2 = 3.7500000
  State 58 weight 0.00952381  E = -14918.7903139002 S^2 = 3.7500000
  State 59 weight 0.00952381  E = -14918.7903130592 S^2 = 3.7500000
  State 60 weight 0.00952381  E = -14918.7900963354 S^2 = 3.7500000
  State 61 weight 0.00952381  E = -14918.7900938078 S^2 = 3.7500000
  State 62 weight 0.00952381  E = -14918.7900721811 S^2 = 3.7500000
  State 63 weight 0.00952381  E = -14918.7899880166 S^2 = 3.7500000
  State 64 weight 0.00952381  E = -14918.7899772017 S^2 = 3.7500000
  State 65 weight 0.00952381  E = -14918.7899508983 S^2 = 3.7500000
  State 66 weight 0.00952381  E = -14918.7899259646 S^2 = 3.7500000
  State 67 weight 0.00952381  E = -14918.789622735 S^2 = 3.7500000
  State 68 weight 0.00952381  E = -14918.7896217471 S^2 = 3.7500000
  State 69 weight 0.00952381  E = -14918.7894256669 S^2 = 3.7500000
  State 70 weight 0.00952381  E = -14918.7893760311 S^2 = 3.7500000
  State 71 weight 0.00952381  E = -14918.789369746 S^2 = 3.7500000
  State 72 weight 0.00952381  E = -14918.7893418877 S^2 = 3.7500000
  State 73 weight 0.00952381  E = -14918.7892995108 S^2 = 3.7500000
  State 74 weight 0.00952381  E = -14918.7892609616 S^2 = 3.7500000
  State 75 weight 0.00952381  E = -14918.7892513704 S^2 = 3.7500000
  State 76 weight 0.00952381  E = -14918.7891549833 S^2 = 3.7500000
  State 77 weight 0.00952381  E = -14918.7890744535 S^2 = 3.7500000
  State 78 weight 0.00952381  E = -14918.7890687436 S^2 = 3.7500000
  State 79 weight 0.00952381  E = -14918.7890559621 S^2 = 3.7500000
  State 80 weight 0.00952381  E = -14918.7889334244 S^2 = 3.7500000
  State 81 weight 0.00952381  E = -14918.7851437503 S^2 = 3.7500000
  State 82 weight 0.00952381  E = -14918.7851200545 S^2 = 3.7500000
  State 83 weight 0.00952381  E = -14918.7851048861 S^2 = 3.7500000
  State 84 weight 0.00952381  E = -14918.904391944 S^2 = 8.7500000
  State 85 weight 0.00952381  E = -14918.9042283632 S^2 = 8.7500000
  State 86 weight 0.00952381  E = -14918.9041918232 S^2 = 8.7500000
  State 87 weight 0.00952381  E = -14918.9036749403 S^2 = 8.7500000
  State 88 weight 0.00952381  E = -14918.9033331138 S^2 = 8.7500000
  State 89 weight 0.00952381  E = -14918.9033007818 S^2 = 8.7500000
  State 90 weight 0.00952381  E = -14918.9032721777 S^2 = 8.7500000
  State 91 weight 0.00952381  E = -14918.9030475151 S^2 = 8.7500000
  State 92 weight 0.00952381  E = -14918.9029862988 S^2 = 8.7500000
  State 93 weight 0.00952381  E = -14918.902893621 S^2 = 8.7500000
  State 94 weight 0.00952381  E = -14918.9028042885 S^2 = 8.7500000
  State 95 weight 0.00952381  E = -14918.8701725861 S^2 = 8.7500000
  State 96 weight 0.00952381  E = -14918.8701578457 S^2 = 8.7500000
  State 97 weight 0.00952381  E = -14918.8698976402 S^2 = 8.7500000
  State 98 weight 0.00952381  E = -14918.8695785716 S^2 = 8.7500000
  State 99 weight 0.00952381  E = -14918.8695194738 S^2 = 8.7500000
  State 100 weight 0.00952381  E = -14918.8694897456 S^2 = 8.7500000
  State 101 weight 0.00952381  E = -14918.8692123254 S^2 = 8.7500000
  State 102 weight 0.00952381  E = -14918.7463687744 S^2 = 8.7500000
  State 103 weight 0.00952381  E = -14918.7463159226 S^2 = 8.7500000
  State 104 weight 0.00952381  E = -14918.7454618302 S^2 = 8.7500000
ncore =  81  ncas =  7
reordering =  [ 5 13  7  3  1 11  9  8 10  0  2  6 12  4]
MF FINISH TIME =  10/03/2022 13:12:03
MF TIME  =             1618.897
